1014
801 23 27
793 320 96
628 397 375
456 112 102
443 275 52
519 210 26
211 105 100
355 318 75
48 146 253
309 135 292
474 349 68
695 318 185
603 198 332
325 326 386
82 221 18
244 249 285
93 198 383
696 122 341
129 111 197
194 346 366
928 310 112
195 42 314
345 132 108
299 94 86
6 60 203
1004 87 17
758 259 293
139 331 381
19 118 340
754 341 150
735 351 301
413 140 63
60 175 257
876 395 270
712 225 187
872 186 355
658 383 335
777 375 389
136 292 281
949 115 179
283 206 76
41 205 47
331 33 201
304 257 245
678 340 379
829 314 279
143 334 128
441 228 246
23 392 189
535 389 80
412 14 168
138 179 372
813 355 348
383 320 83
890 162 170
357 154 377
50 237 165
470 154 208
268 13 72
810 356 158
973 353 84
689 397 68
431 331 382
368 336 303
704 286 185
941 25 356
505 317 303
354 72 312
978 178 290
789 187 122
77 308 378
765 343 76
58 97 30
969 243 277
408 247 85
596 254 25
909 202 395
853 37 345
933 280 266
365 0 344
451 155 154
191 312 21
688 42 396
791 228 80
471 224 67
487 284 54
4 150 185
290 220 266
422 180 371
848 264 296
125 360 314
572 339 269
1006 234 389
864 349 362
666 272 388
561 141 74
447 23 180
342 53 154
726 353 91
350 312 247
433 167 13
310 310 211
616 258 10
573 263 386
592 228 212
380 255 227
674 1 22
792 110 229
47 239 68
271 65 360
400 228 209
241 345 341
629 190 277
439 8 198
391 382 315
869 155 231
220 270 162
630 38 46
192 357 289
326 104 6
752 232 199
302 361 39
954 41 337
159 49 1
694 160 378
867 20 168
955 24 380
528 88 1
189 83 246
164 71 250
896 113 294
539 397 138
429 355 32
514 273 178
86 172 201
295 383 291
716 92 25
13 249 259
593 14 314
501 103 177
381 320 72
799 106 36
669 187 332
90 366 353
475 247 220
69 344 127
868 172 293
379 271 194
432 275 364
320 230 63
926 126 180
680 320 8
632 1 41
834 275 160
486 286 390
284 377 346
339 90 254
71 143 389
79 279 280
807 300 173
917 258 319
846 43 236
445 221 47
529 214 328
12 91 50
26 17 252
40 382 19
362 298 274
344 345 357
130 372 224
818 30 31
668 228 364
667 288 358
717 17 352
513 377 165
975 103 298
708 9 329
131 200 357
24 187 370
382 121 398
182 49 70
64 46 305
52 84 32
947 81 271
335 206 156
168 304 288
843 20 246
204 172 14
548 4 213
556 137 278
607 167 398
652 375 33
94 130 229
871 304 35
208 254 143
859 49 202
698 23 156
229 125 165
873 113 163
907 178 390
578 16 276
774 120 87
649 283 347
929 90 90
741 166 202
983 181 319
46 229 99
230 13 2
266 78 70
181 181 213
480 56 15
772 381 166
536 277 104
559 307 153
322 316 389
661 379 387
957 131 336
1002 129 197
488 226 379
497 374 112
692 8 38
923 173 332
924 379 68
714 349 214
602 382 32
469 355 70
18 164 136
557 37 183
305 174 54
428 40 75
707 77 311
491 158 328
809 268 164
410 167 79
805 349 336
449 283 256
257 172 264
581 308 323
738 37 66
699 303 89
190 175 21
739 204 101
2 217 43
455 248 326
584 136 385
546 351 365
764 152 392
886 120 343
8 36 383
910 92 52
463 170 90
898 45 173
11 32 264
1010 114 288
583 111 191
744 303 240
446 66 264
888 225 241
296 332 340
38 215 256
223 346 221
806 150 363
360 372 269
406 353 364
83 120 108
301 206 200
838 282 21
877 293 9
329 386 79
81 392 333
358 152 383
811 264 85
986 66 371
158 142 23
171 174 164
453 23 39
857 74 180
625 13 214
209 319 171
370 395 127
914 322 388
317 220 131
710 171 36
748 372 382
328 23 49
278 316 284
397 309 44
671 34 266
563 266 239
462 329 125
897 197 257
146 366 370
121 378 29
534 317 203
399 200 78
967 14 42
882 40 335
91 113 15
974 343 351
921 6 102
387 5 272
66 110 164
976 135 261
769 109 164
817 376 387
800 316 196
148 332 73
802 292 84
552 295 228
842 165 217
512 259 226
524 376 179
127 116 223
784 150 384
981 91 29
54 328 61
273 0 171
7 27 188
757 175 255
936 89 101
697 85 128
847 276 40
92 248 300
245 307 327
141 95 164
821 204 69
308 258 365
318 148 168
530 38 89
402 20 27
785 281 186
101 288 362
95 276 109
722 121 208
911 314 20
53 256 10
831 394 333
701 95 153
120 220 373
731 112 12
564 280 149
851 58 343
972 57 135
375 361 345
679 234 21
349 148 224
874 51 350
750 38 332
647 260 298
858 16 131
425 21 263
285 344 125
711 193 272
903 392 94
252 312 275
411 294 163
644 267 181
582 82 22
75 161 390
415 21 19
255 3 29
1008 192 187
70 15 121
608 131 63
1005 382 175
258 109 276
753 386 45
132 351 382
237 169 149
458 229 171
303 148 136
540 202 213
825 334 13
854 383 72
944 119 269
376 39 1
478 278 3
622 366 112
721 245 263
351 33 157
343 198 47
822 179 316
307 115 338
542 308 273
790 57 220
126 331 100
579 249 254
621 397 271
918 236 181
63 335 20
527 350 393
356 72 47
966 192 128
998 26 314
207 367 396
588 168 337
293 275 280
249 11 274
175 183 85
676 222 219
173 251 370
849 99 52
751 30 213
916 290 31
508 350 284
298 256 174
336 40 318
468 325 4
369 202 399
835 216 84
724 83 45
390 54 210
363 99 362
483 219 383
374 6 275
878 103 354
720 352 194
461 375 249
165 366 197
650 229 244
300 180 324
103 393 82
347 165 43
106 107 160
706 142 227
520 323 275
359 143 312
946 25 204
544 27 52
442 342 28
291 0 77
150 33 252
795 308 353
464 337 136
17 264 350
1013 320 80
218 94 151
657 156 341
747 241 57
319 309 303
161 121 213
21 365 102
895 58 217
771 192 112
479 348 345
715 232 117
925 375 290
373 82 30
550 356 282
953 46 358
740 376 69
28 147 362
541 388 234
935 232 144
198 274 220
515 155 390
840 187 136
994 297 332
25 371 81
963 207 46
334 168 293
905 206 132
938 17 171
421 13 73
5 154 247
155 354 72
623 231 361
845 265 75
424 97 340
465 326 259
324 184 127
435 384 214
824 399 36
570 75 371
690 2 85
893 158 89
939 19 363
197 351 268
725 24 86
990 195 231
215 131 309
682 259 122
332 328 353
855 47 3
44 242 77
700 118 98
196 55 206
264 32 238
430 235 185
183 324 379
775 398 209
274 82 218
850 93 89
619 117 189
492 283 304
733 37 289
254 231 18
409 232 241
1011 240 282
214 48 209
549 80 112
3 119 67
122 367 144
932 95 157
631 203 108
597 88 125
472 114 167
145 69 29
1009 214 372
996 56 311
248 359 15
883 140 5
589 70 33
33 17 184
482 227 91
836 46 144
670 232 290
427 240 285
262 21 66
585 60 62
156 39 151
532 375 18
414 273 54
875 156 163
985 151 355
642 251 232
467 83 259
200 48 217
899 364 176
420 375 42
545 69 146
137 386 209
574 93 79
518 108 175
734 138 125
102 50 228
59 274 145
96 272 373
419 137 318
687 263 361
681 317 38
879 93 126
987 365 346
134 268 179
166 157 201
270 169 315
922 92 237
755 320 121
68 342 57
416 370 4
595 248 121
576 299 341
1007 9 33
533 230 58
627 211 308
523 74 311
727 11 386
852 228 23
281 335 97
591 59 280
537 87 320
444 29 108
942 274 91
705 385 11
553 214 241
22 106 259
162 274 170
30 86 235
394 240 126
803 184 341
246 380 161
109 224 218
118 60 120
902 75 319
598 329 117
149 224 153
315 211 364
880 54 118
116 227 4
34 99 274
767 235 391
234 108 190
476 253 351
16 5 293
565 165 14
348 138 314
773 165 79
558 236 395
940 68 42
154 272 259
250 361 173
919 98 55
506 359 211
862 361 314
516 227 55
931 384 355
157 97 259
703 322 235
1012 262 341
232 184 154
968 379 206
313 380 216
691 252 297
912 303 86
151 104 136
730 124 96
185 18 389
920 140 228
798 23 385
338 264 208
551 345 114
580 325 303
395 397 72
531 45 81
438 47 392
828 212 397
502 332 65
163 144 372
457 78 202
436 63 16
759 2 353
115 50 331
999 255 131
904 285 90
108 273 127
485 125 237
228 124 155
117 174 363
648 359 198
39 20 39
178 137 145
316 20 195
213 187 181
396 65 316
489 166 69
656 32 269
9 324 239
948 198 174
891 212 42
1003 147 110
51 216 339
404 318 277
600 96 236
29 265 49
844 370 148
128 301 89
685 179 285
970 363 335
820 274 344
768 312 166
226 45 270
677 331 148
1000 137 223
640 89 294
562 223 344
259 322 207
815 178 102
952 205 56
778 151 20
737 66 255
172 129 276
78 192 178
937 121 204
384 343 389
289 69 231
261 173 233
992 337 119
839 32 63
781 320 75
885 392 42
870 112 319
216 80 108
481 87 208
418 279 277
770 148 120
814 67 141
174 157 80
473 148 144
991 201 226
620 69 80
729 288 363
510 313 2
110 162 183
865 165 253
606 341 299
205 24 246
247 122 293
571 209 233
321 134 80
945 197 9
160 77 47
385 32 55
613 88 322
927 231 54
826 253 4
684 395 38
74 121 376
611 99 171
45 30 185
80 284 95
686 276 345
388 346 12
251 3 345
169 385 349
962 116 389
87 137 214
392 266 17
594 273 126
386 202 271
641 97 121
908 332 30
894 320 146
749 198 141
113 256 119
554 38 306
99 146 92
72 88 18
36 108 391
982 347 290
762 253 193
995 272 245
989 200 69
683 187 315
170 387 77
279 248 270
280 389 189
609 63 245
517 353 342
459 13 59
522 383 377
184 47 50
709 356 334
760 374 73
856 192 274
663 147 285
0 208 170
124 399 81
366 156 306
265 230 117
352 384 345
67 134 35
224 334 127
297 362 228
610 339 144
231 237 242
340 307 340
702 104 246
495 129 335
718 159 88
881 291 1
206 258 127
951 173 369
626 366 351
466 328 269
210 219 253
494 133 383
454 312 117
236 121 349
743 257 125
221 196 153
913 88 388
256 25 265
107 23 170
634 30 274
615 6 300
509 285 118
569 257 269
225 87 122
713 79 247
605 133 235
645 233 214
538 153 151
477 108 157
958 322 307
841 168 23
240 87 32
73 142 270
732 171 238
525 219 390
10 64 344
286 6 169
364 281 274
1001 267 251
55 186 231
144 245 95
590 126 201
673 327 97
984 313 41
672 11 381
587 46 143
98 346 75
105 117 62
62 72 288
153 7 234
267 80 396
104 179 333
378 357 23
819 125 174
934 366 211
212 357 394
49 329 84
235 344 265
889 176 309
217 172 285
901 324 37
393 130 225
1 245 20
88 245 205
37 112 20
372 72 25
728 71 310
437 241 361
193 334 178
490 49 19
965 131 220
277 328 75
979 137 3
971 44 216
639 127 50
243 202 272
341 147 166
180 207 172
961 319 384
20 397 155
403 6 59
577 222 141
560 213 292
114 181 116
823 310 33
100 5 228
787 112 67
756 5 105
97 285 233
693 191 230
333 382 336
423 354 205
371 154 235
547 347 205
887 164 226
179 134 295
780 352 354
643 374 345
654 226 38
199 282 380
604 71 380
659 108 76
746 235 229
915 297 257
498 203 232
719 244 27
448 65 221
203 383 325
832 255 109
675 292 299
993 265 160
112 194 388
504 259 376
637 47 335
337 315 83
89 142 390
575 143 46
892 89 51
119 27 98
997 25 309
964 360 133
76 120 82
405 236 324
660 362 8
346 47 312
167 137 345
830 44 286
272 72 322
782 270 92
665 294 162
988 249 91
152 237 8
239 305 177
507 371 150
812 211 110
796 70 30
123 286 66
493 110 363
426 385 139
32 336 55
779 241 316
651 366 1
827 276 388
188 271 139
555 260 8
816 358 215
499 357 236
884 224 223
222 236 209
543 311 73
260 221 292
662 264 152
276 28 63
263 328 332
452 174 395
330 162 323
511 379 218
863 367 24
417 251 41
85 330 107
736 225 258
950 69 112
42 165 267
960 77 162
638 347 338
407 205 77
766 294 133
434 170 319
599 288 168
61 260 57
147 321 198
111 287 273
980 317 384
401 169 310
253 208 191
201 362 322
612 257 158
633 236 121
282 351 172
788 109 195
135 346 31
956 236 387
783 201 322
566 302 59
786 236 92
176 233 113
288 133 198
311 234 269
745 362 390
808 219 17
521 48 204
327 395 393
794 163 131
238 5 15
287 20 322
242 299 272
65 15 17
943 187 25
617 91 387
567 370 101
314 28 207
377 148 17
655 107 123
601 36 334
219 51 193
833 226 361
635 106 337
186 221 346
804 218 194
312 20 147
500 55 363
306 251 262
776 396 104
15 252 355
294 384 23
653 290 341
646 82 244
292 13 43
460 25 271
526 97 177
177 127 105
233 314 139
353 64 103
31 164 21
484 271 224
503 332 347
140 61 213
761 107 136
269 351 167
496 371 338
837 252 228
27 399 22
861 56 369
398 101 290
723 304 378
389 291 176
742 331 222
227 13 279
906 115 118
84 332 259
586 357 303
56 268 68
930 140 367
797 3 130
440 84 218
624 347 194
664 80 318
142 307 52
866 305 344
14 249 373
450 159 294
133 214 152
361 275 380
900 81 311
568 381 392
187 224 173
860 272 249
275 147 326
959 88 47
636 394 309
43 12 378
57 9 303
202 57 241
367 182 356
323 259 391
763 393 252
35 313 354
977 3 232
614 74 165
618 166 229
