1123
103 791 326
106 826 1096
349 598 1038
108 237 978
535 380 255
368 585 375
669 542 510
1038 636 1120
70 690 190
604 578 1058
736 864 563
918 622 918
781 136 443
1103 133 566
1069 158 262
455 221 202
1072 136 419
163 1046 380
799 153 566
987 71 421
1079 71 395
365 625 241
327 791 358
235 625 273
975 1082 98
384 585 405
277 802 552
28 1161 1012
1027 443 897
171 598 1058
151 503 927
388 844 371
224 584 918
46 688 667
871 953 995
467 267 1008
1061 1166 394
429 277 1118
802 802 592
444 33 975
281 570 510
985 133 586
72 209 834
419 407 897
548 1172 456
674 41 173
7 581 834
82 844 543
653 464 248
221 1135 777
109 245 226
357 780 1050
458 669 48
558 481 949
637 593 241
963 153 586
706 525 380
35 525 414
1036 130 328
67 223 695
765 1002 208
691 1011 788
547 145 911
203 784 1128
289 1136 1125
68 834 868
117 1136 1085
1097 1141 290
649 145 957
582 825 12
423 1002 264
292 904 1004
603 491 414
264 245 202
854 1034 1050
418 555 405
387 858 1004
190 868 347
900 180 262
907 716 454
386 520 248
570 532 764
270 636 1121
1087 210 738
275 930 495
636 55 1197
340 56 1088
715 228 1161
833 42 123
848 347 929
725 863 500
283 780 228
948 728 48
97 292 928
343 532 763
698 1081 98
318 289 121
974 290 454
947 464 303
950 92 702
949 381 255
966 1132 895
782 435 764
85 721 1009
1104 1044 496
543 858 1049
361 525 1131
469 40 684
841 143 103
702 235 105
69 348 928
254 1046 494
335 483 55
628 834 803
914 40 752
1070 954 995
681 1001 208
177 277 1117
1120 78 871
378 947 264
865 23 816
818 834 867
1094 689 715
955 430 1091
170 1136 103
307 923 29
693 907 158
84 234 11
14 154 765
880 632 190
665 1141 255
195 1092 645
94 966 28
989 191 144
823 702 625
389 1123 614
940 442 897
490 1121 961
1078 702 533
363 289 120
360 945 788
169 441 213
588 1044 1140
1029 760 326
1050 529 765
1065 156 145
370 524 380
215 909 922
968 157 144
47 624 273
15 188 455
463 594 241
780 428 360
1060 791 327
523 1135 775
513 279 1118
421 155 702
899 88 287
596 129 286
514 791 357
86 1124 645
409 1124 615
881 1096 1124
1089 715 454
599 653 832
755 301 615
911 225 615
960 238 1008
196 1097 1125
402 585 376
451 383 458
926 192 179
503 1001 1139
961 879 922
425 802 553
1051 129 328
0 555 376
743 301 321
896 56 1197
445 436 764
607 1136 1124
75 443 862
253 341 1052
557 977 88
903 584 405
111 130 287
473 878 891
728 435 763
515 833 867
748 1199 777
773 152 1027
991 624 241
951 1141 289
936 716 455
800 584 919
250 768 804
437 790 358
598 703 624
286 584 375
727 1122 928
44 555 404
497 965 29
40 556 375
654 413 623
619 157 180
220 932 381
984 152 1059
296 369 623
102 593 242
584 1106 290
449 879 890
585 110 32
364 616 533
537 55 1196
12 524 414
58 443 896
1054 616 625
539 763 592
573 690 188
375 424 301
1057 569 510
1074 300 615
1116 361 49
288 736 669
640 826 1094
924 947 263
912 426 299
925 867 347
946 904 1006
908 1131 845
324 398 52
839 1036 96
776 291 557
645 1132 846
927 569 1130
708 1081 53
238 381 256
572 825 13
62 160 442
861 1133 893
27 1002 210
372 233 11
191 1037 53
840 71 420
210 225 694
740 223 692
810 1132 894
309 1010 854
703 979 157
803 223 618
789 143 911
767 1008 994
356 934 381
200 945 855
957 859 1005
32 720 1055
204 136 420
54 780 177
687 532 761
657 824 12
494 801 35
568 221 225
1016 244 226
635 825 35
420 780 1094
428 702 624
240 582 832
471 1135 105
269 953 993
508 738 1124
125 24 816
1035 785 1185
1014 1131 895
48 159 419
152 290 558
22 1084 846
682 346 929
859 187 557
849 690 667
176 868 370
95 244 202
747 1172 458
492 213 834
741 23 817
522 97 420
1052 466 304
670 160 420
663 867 371
1064 245 203
51 844 348
851 531 762
267 222 226
1 542 509
135 932 494
853 858 1048
280 96 395
777 347 928
76 519 303
30 159 443
988 100 912
251 1082 54
132 380 299
460 860 421
236 1134 190
852 291 47
836 23 869
754 145 913
156 71 396
589 72 421
333 844 370
239 425 300
717 689 714
60 1174 506
813 466 248
130 40 686
1059 845 371
701 675 1008
385 909 89
456 160 1088
758 129 327
811 78 817
895 845 563
965 585 919
367 303 691
332 617 534
602 482 927
39 92 704
980 25 870
341 975 160
1100 156 146
81 1107 254
310 1034 807
730 295 873
205 340 1118
141 727 47
282 786 500
1030 345 929
1034 1167 392
248 844 544
328 361 50
962 1137 712
1110 861 499
1080 482 949
575 1056 827
110 191 179
186 768 865
660 24 869
410 995 664
745 32 940
905 300 319
892 1136 1087
1107 465 250
290 618 625
655 503 948
744 291 120
824 700 533
952 801 553
531 689 188
234 411 580
756 616 623
561 411 624
986 356 358
967 179 284
998 1056 807
845 110 33
529 934 603
882 133 567
564 152 566
680 688 131
672 158 283
826 907 156
1114 1141 256
618 597 1038
888 60 1088
172 578 1057
87 228 1163
96 427 431
611 277 1115
794 159 284
1058 842 1131
832 1136 713
897 179 262
29 180 263
64 620 956
211 352 362
185 134 566
34 442 896
774 156 178
158 153 567
123 1008 993
1022 598 1057
921 1006 995
247 1044 1181
867 845 543
768 1134 107
650 630 187
382 931 664
919 586 956
150 435 671
304 1043 1140
856 586 918
45 152 586
100 1008 941
920 1043 1182
1109 1044 1141
648 157 145
942 1199 776
164 653 830
616 1035 828
956 189 456
877 598 1039
440 585 955
183 932 605
219 229 1162
147 801 591
291 1009 942
443 302 321
507 425 433
140 584 920
1021 301 617
124 783 425
796 844 562
870 1014 1069
785 1015 1050
400 530 214
383 407 863
997 348 926
742 383 552
198 864 562
366 597 1058
1010 1033 1050
17 578 1039
476 134 586
580 863 563
801 342 277
772 1135 1086
496 31 975
120 1034 1051
454 1033 1070
1081 1035 806
181 669 45
729 1014 1051
923 863 543
1007 909 158
634 864 544
90 1096 1123
527 946 211
752 1097 1124
143 55 1092
835 90 328
155 232 105
996 994 665
278 1107 290
837 621 919
632 180 283
658 502 927
314 978 157
898 1043 493
633 159 262
1019 924 29
165 148 11
1002 1034 1069
380 901 1050
1091 828 176
483 425 257
474 759 328
1032 189 458
465 423 255
450 672 47
559 676 1008
891 145 914
77 232 104
825 342 1115
982 524 413
822 760 357
1106 1122 959
711 790 357
805 101 956
1009 689 669
506 690 668
262 995 663
821 830 868
1084 759 356
237 101 912
869 1130 845
486 1123 615
302 525 1133
475 155 762
935 1093 615
217 91 126
549 426 258
578 42 125
601 858 501
1056 290 555
938 472 552
326 1092 616
846 1124 644
9 1124 616
893 733 667
876 96 701
315 790 327
526 1094 614
546 1090 927
424 1010 853
413 593 271
879 210 829
166 673 1053
762 783 1050
433 995 607
928 825 1094
502 823 1050
571 834 864
26 770 804
331 382 300
59 789 358
978 236 16
279 946 855
396 721 1053
553 625 271
1063 292 460
718 787 500
66 1079 52
554 780 1053
246 1046 489
1075 829 177
806 826 1093
820 425 299
540 423 434
656 690 714
19 782 176
1037 719 1055
885 1120 961
415 568 1130
623 570 1174
566 833 865
828 585 403
910 556 376
162 1080 53
104 910 892
1045 615 621
1033 183 1029
322 432 1090
858 473 461
398 298 695
536 267 1006
945 1121 960
311 497 1023
79 68 537
646 642 1120
510 238 1007
857 151 1029
188 904 1047
977 491 382
1102 1120 927
775 183 1057
700 493 380
303 531 760
362 495 1091
719 689 187
308 1036 95
342 623 241
268 1089 960
757 95 702
779 153 764
639 824 1051
724 1121 928
683 1042 493
972 266 1007
563 686 482
1031 555 403
819 880 922
416 1084 847
592 265 1008
620 266 979
784 157 1088
133 686 456
872 738 1126
493 879 921
468 1088 929
797 791 356
1096 909 891
542 237 980
394 858 1047
339 493 414
11 716 456
427 491 412
759 910 920
816 429 1025
532 37 752
1113 60 1089
80 524 381
453 687 483
569 1132 893
213 1039 98
933 669 44
101 358 48
844 302 742
678 381 464
675 780 225
478 1097 1123
538 517 303
173 110 34
953 976 90
694 69 33
337 303 689
379 859 499
544 930 388
863 784 1182
778 71 397
624 53 314
834 91 328
979 292 925
901 467 303
119 402 53
187 300 618
1066 58 1194
16 1136 1122
576 49 238
995 73 395
873 345 928
600 799 552
121 1045 489
276 344 929
915 130 325
91 127 328
393 96 396
860 297 615
875 95 395
732 346 927
560 1001 1181
222 36 752
138 90 327
878 1002 1140
56 763 590
944 281 1165
1053 40 688
917 128 287
533 279 1055
817 829 226
615 225 691
941 300 280
306 532 122
391 1167 391
178 73 421
712 650 832
922 37 751
753 279 1163
23 72 420
462 68 34
466 96 420
209 977 157
581 829 178
808 299 739
439 768 863
122 293 121
417 782 177
1043 542 508
43 861 425
545 347 876
78 1002 212
764 431 1088
179 569 509
733 543 509
890 787 423
399 297 695
297 570 508
667 1099 1085
1047 300 318
294 229 1163
426 1043 1181
505 97 419
432 233 14
194 1039 495
791 518 250
407 1170 394
664 764 553
913 358 120
258 78 818
249 442 122
351 411 623
447 1046 487
485 965 27
787 64 634
1071 66 632
381 411 581
8 925 29
233 214 740
71 145 16
731 385 460
593 936 382
197 946 260
4 701 536
696 371 581
686 344 318
127 787 1185
10 772 803
6 801 554
442 79 867
313 931 387
180 410 624
530 950 208
452 191 557
271 653 829
750 441 209
541 543 483
376 371 623
350 800 591
643 840 1130
245 568 482
737 1037 380
316 568 510
916 570 484
884 910 158
404 1140 777
272 912 160
265 841 1183
1073 227 617
42 1138 775
299 59 1195
344 1009 943
651 569 483
113 1198 775
684 465 301
707 372 580
128 532 757
688 32 941
1046 787 1130
504 222 225
348 143 955
243 1039 97
647 1010 793
1006 583 830
904 825 14
690 245 204
771 222 203
160 1138 254
638 1078 98
677 66 537
1108 223 226
1048 677 1008
57 823 12
662 159 144
1003 1173 503
115 160 441
334 946 791
721 494 414
518 211 828
735 138 419
52 736 711
49 786 497
583 1164 1081
868 688 711
519 103 911
112 1082 56
207 943 850
520 720 1053
812 245 224
746 649 832
610 439 762
550 291 552
709 1174 504
1024 1089 959
477 1139 289
345 784 1050
63 37 686
182 137 420
722 825 1053
517 499 1027
788 41 127
330 525 383
2 494 1022
969 190 145
319 586 919
105 522 380
459 567 1176
1055 866 371
371 136 441
301 524 382
516 1132 892
228 1041 385
699 142 956
202 1138 106
929 137 442
74 913 88
605 692 715
403 867 348
1017 527 762
671 188 553
831 845 370
377 1130 846
431 1140 192
1092 1106 256
317 868 369
411 1138 290
274 87 123
751 1139 255
1004 583 766
263 1140 256
710 1119 961
697 36 685
20 1081 95
556 688 133
13 567 1130
499 160 421
154 63 634
293 158 419
148 88 124
591 846 347
954 934 605
973 1174 458
359 431 1087
435 844 349
244 70 627
159 38 687
738 720 1011
55 1078 52
1112 101 913
412 136 421
714 39 688
579 159 420
528 190 179
676 159 442
320 674 1053
685 156 177
501 382 257
1098 802 35
149 439 206
137 381 298
397 228 693
354 1120 960
586 785 1132
395 904 1046
889 860 497
1005 527 1174
847 943 794
18 803 36
414 529 1176
392 468 554
1020 441 896
405 587 918
644 157 178
352 50 240
295 144 18
1090 945 852
930 443 864
227 481 51
157 491 383
804 621 920
142 620 919
369 910 91
489 31 940
1068 1122 958
134 1037 95
641 979 154
61 734 1124
970 192 147
498 153 763
199 530 211
1067 785 1182
93 244 225
408 801 14
1011 824 1094
886 861 426
815 408 863
883 842 1181
790 1038 54
793 782 1094
216 243 202
261 824 13
795 191 178
1076 305 746
1119 426 297
1042 801 34
41 907 154
679 1121 929
761 0 975
436 1036 56
401 586 763
464 94 762
1023 443 894
242 400 50
193 718 1009
760 945 792
338 352 364
829 859 498
932 221 224
855 425 431
83 408 895
689 618 622
1095 1091 961
92 902 1006
174 621 954
24 49 239
629 824 35
145 493 381
630 96 764
567 900 1004
606 1084 848
609 159 180
88 948 855
976 442 895
511 772 866
992 63 1196
487 409 580
353 780 180
259 481 947
161 624 271
25 700 537
716 799 591
214 1174 503
1121 77 818
184 784 428
1018 579 1039
786 90 288
1082 49 316
959 91 327
305 1007 942
118 344 317
329 713 454
1041 1035 827
126 70 75
612 845 562
373 947 260
167 501 927
770 75 870
50 432 1087
260 597 1039
1093 107 76
937 1123 644
257 1137 188
488 152 567
666 151 586
792 493 1090
642 555 378
1117 715 456
232 650 766
5 153 568
481 1040 1183
136 1009 944
981 497 1026
705 343 873
597 152 585
1115 856 422
902 1171 340
521 880 891
887 134 567
617 801 589
273 833 807
783 265 1007
146 689 454
827 371 622
336 1041 1182
1111 109 34
206 111 72
1039 1167 344
256 555 402
1122 846 563
114 303 278
241 597 1057
713 966 25
33 760 356
1118 800 590
430 598 1056
491 143 20
590 134 585
472 583 404
1062 972 160
1001 585 378
625 826 176
842 1035 807
906 180 1059
943 1095 646
438 526 214
1026 578 1040
766 1133 890
749 342 319
769 863 562
1101 97 764
661 230 13
448 526 118
325 585 402
565 483 927
300 181 1028
814 238 980
441 151 566
934 1055 807
763 133 568
524 588 762
168 266 980
999 784 228
595 907 153
208 135 586
862 79 820
479 773 803
1015 578 1056
192 686 188
321 1084 849
723 828 178
850 782 178
577 135 566
1012 482 49
99 518 251
864 340 1055
704 733 1125
695 923 26
668 411 582
284 27 816
652 238 1006
1040 1165 1015
285 845 544
38 68 73
739 152 1029
673 580 1038
613 831 865
931 267 1005
1008 62 633
512 973 159
993 1056 826
994 1169 392
983 1034 826
484 864 545
562 622 625
622 881 922
1000 1130 893
153 582 828
131 583 829
964 95 762
807 798 592
509 762 556
470 373 624
434 301 280
1086 791 355
1105 182 1029
116 181 1058
347 129 325
1085 297 929
552 346 876
909 276 1161
692 158 264
457 343 1112
266 1095 614
555 713 484
594 147 16
574 1092 617
390 482 928
374 716 481
798 502 928
1049 153 584
223 625 270
587 1121 614
346 340 277
525 180 282
551 623 272
37 934 606
298 1001 1180
231 91 128
866 183 1030
1044 931 661
65 1168 343
189 991 605
894 503 947
21 1135 1088
1028 716 457
461 762 326
1025 154 1059
446 909 920
144 179 283
226 1124 643
175 1135 1122
225 232 1161
355 267 981
36 67 36
129 530 758
971 159 263
838 949 262
621 1016 1070
255 152 703
107 834 862
3 800 554
958 295 875
229 1041 1140
312 1014 1068
608 343 1058
98 1015 1069
1088 1098 1087
726 178 284
480 973 89
252 179 263
482 1084 891
614 1000 211
139 482 948
358 1033 1069
1099 1093 644
406 213 829
843 1015 1051
627 515 304
534 1099 1086
990 686 481
1077 593 270
830 624 243
809 1042 1141
659 1003 1182
212 1014 1052
422 1033 1051
626 1132 1085
31 160 262
874 1032 1050
89 1054 828
218 291 551
939 1034 1052
495 1034 1068
1013 358 118
734 594 271
73 152 763
1083 687 456
720 1161 1077
323 153 1028
500 277 1112
287 673 46
631 178 262
230 630 136
53 227 1166
201 862 563
