6257
5656 1124 1703
91 1087 1687
1429 1122 1665
4794 1132 1693
4125 1128 1646
4018 1145 1667
5225 1126 1703
4515 1114 1665
5025 1103 1691
5298 1091 1703
1508 1099 1697
3811 1082 1646
350 1149 1638
6196 1157 1645
3962 1086 1641
2037 1092 1646
101 1151 1639
121 1068 1673
3381 1138 1630
286 1096 1633
5065 1158 1651
5480 1109 1626
3334 1107 1635
3816 1109 1708
2593 1142 1639
5364 1526 1662
4889 1459 1631
261 1510 1604
745 1507 1669
2826 1502 1659
9 1494 1663
5828 1459 1640
5247 1518 1602
1144 1520 1664
2516 1536 1638
2528 1127 1609
2209 1530 1638
71 1474 1629
2294 1510 1630
411 1482 1642
115 1471 1627
6032 1503 1635
4762 1508 1662
195 1519 1653
2228 1508 1596
6217 1168 1648
2458 1512 1597
2747 1526 1663
3751 1479 1654
106 1507 1607
4807 1513 1650
2922 1482 1644
6047 1500 1595
5180 1490 1655
2224 1481 1610
3672 1474 1634
2306 1478 1629
128 1481 1621
3151 1520 1632
4555 1507 1624
4852 1505 1638
3911 1521 1665
2668 1472 1638
2365 1483 1644
2850 1472 1621
3656 1130 1607
2381 1484 1628
244 1466 1620
2424 1483 1647
701 1513 1641
4089 1518 1647
143 1530 1622
5891 1512 1665
1537 1512 1660
6226 1532 1643
4781 1502 1636
5057 1128 1607
3161 1508 1631
2320 1523 1634
869 1518 1660
2419 1483 1626
5229 1516 1633
2954 1492 1605
2870 1106 1723
1524 1460 1647
5716 1523 1607
2908 1473 1615
1362 1509 1641
476 1476 1651
1158 1527 1662
2847 1530 1658
2616 1514 1602
993 1504 1600
4628 1533 1625
4371 1506 1592
2080 1476 1620
1339 1134 1609
4632 1517 1641
331 1510 1661
3277 1524 1643
4856 1109 1619
2309 1480 1629
5893 1486 1607
1252 1115 1628
1686 1538 1640
1431 1520 1660
4899 1513 1623
4530 1531 1662
2948 1525 1624
3326 1490 1660
5807 1494 1657
2926 1490 1645
1782 1528 1642
2074 1491 1652
464 1462 1638
634 1490 1656
3055 1088 1713
478 1513 1665
5804 1532 1630
59 1480 1626
5751 1527 1649
5433 1492 1600
1464 1503 1657
4600 1464 1646
4158 1484 1642
5176 1479 1618
5559 1496 1633
1101 1468 1639
3101 1485 1605
3637 1469 1627
6189 1513 1629
4185 1502 1594
199 1465 1623
2477 1524 1628
5228 1492 1662
2881 1494 1638
1541 1495 1633
2912 1171 1631
4017 1495 1649
1237 1535 1654
1712 1473 1617
4012 1514 1626
2883 1086 1718
2749 1483 1617
336 1523 1639
640 1491 1660
4978 1512 1644
1888 1467 1647
2187 1477 1631
3789 1505 1632
3930 1496 1605
2608 1049 1687
4231 1479 1652
3023 1520 1620
1837 1469 1646
1318 1517 1618
439 1527 1641
133 1512 1627
3613 1483 1629
3666 1469 1652
1483 1481 1644
6018 1498 1602
1420 1528 1666
24 1496 1639
5429 1501 1657
4124 1523 1664
1002 1109 1614
4629 1486 1658
5554 1509 1597
390 1467 1620
1851 1527 1660
4718 1536 1648
5845 1534 1652
447 1499 1639
1706 1507 1636
1522 1528 1624
3439 1496 1648
4866 1153 1623
4739 1461 1643
5944 1504 1627
4330 1474 1641
608 1476 1612
488 1527 1657
2680 1161 1625
2377 1472 1636
5582 1518 1644
860 1508 1649
771 1475 1629
256 1479 1625
1492 1528 1626
4431 1508 1593
6165 1495 1601
6252 1082 1631
4573 1531 1646
4439 1505 1641
4525 1056 1696
4921 1524 1644
3963 1504 1601
867 1520 1637
1297 1534 1654
5609 1062 1656
5048 1529 1645
1215 1526 1661
858 1518 1637
967 1469 1650
5569 1511 1668
38 1513 1648
3273 1485 1646
753 1538 1614
352 1498 1581
4257 1500 1563
5685 1518 1616
699 1516 1566
4163 1534 1681
391 1098 1735
449 1524 1585
4368 1498 1549
4971 1519 1548
2939 1520 1552
4356 1526 1579
632 1427 1652
4152 1506 1541
460 1537 1668
1384 1490 1577
181 1493 1625
1146 1481 1541
5555 1505 1580
3583 1500 1588
1195 1482 1596
4863 1498 1543
2814 1496 1579
2905 1511 1674
5895 1505 1546
1853 1532 1607
1290 1163 1620
5762 1480 1536
2336 1467 1653
98 1528 1581
1728 1069 1632
4854 1453 1617
4255 1450 1636
4920 1553 1669
2621 1511 1552
4859 1524 1577
1674 1514 1580
2560 1501 1572
5763 1496 1590
2825 1487 1544
2726 1524 1580
2783 1536 1615
19 1440 1660
315 1514 1680
2011 1469 1609
1861 1493 1555
4873 1033 1706
5943 1533 1621
5755 1522 1578
4751 1411 1665
4470 1481 1535
3757 1041 1654
6248 1496 1566
5173 992 1658
1445 1537 1661
332 1534 1668
3471 1532 1616
95 1480 1602
4512 1510 1549
60 1531 1682
499 1485 1534
4936 1494 1620
3176 1496 1554
2838 1498 1568
1907 1066 1629
3390 1492 1593
626 1525 1617
652 1497 1630
240 1531 1666
325 1547 1647
1026 1504 1564
2656 1491 1664
1143 1495 1677
1500 1525 1597
3820 1492 1535
4844 1437 1635
3049 1449 1656
4413 1511 1543
6228 1537 1676
207 1495 1589
319 1502 1671
3453 1439 1637
4295 1515 1672
3387 1413 1665
3483 1015 1676
2109 1459 1655
727 1115 1600
159 1486 1592
51 1526 1679
1111 1503 1587
1917 1481 1547
3691 1515 1592
787 1479 1543
1874 1386 1661
615 1522 1611
5302 1521 1675
4537 1509 1587
906 1399 1660
3398 1430 1655
2981 1451 1646
3431 1452 1624
4846 1510 1580
5146 1527 1668
3552 1433 1660
4291 1509 1551
2500 1452 1633
5868 1032 1690
855 1459 1613
6103 1493 1675
2829 1494 1551
3016 1522 1679
731 1049 1641
4131 1536 1658
3249 1111 1603
388 1430 1638
1226 1445 1661
2980 1490 1672
564 1401 1656
1008 1531 1676
5407 1517 1676
4298 1515 1551
1589 1502 1679
3588 1524 1578
337 1534 1672
2044 1503 1573
4377 1494 1554
765 1495 1571
994 1482 1553
710 1452 1634
4267 1118 1599
6129 1489 1619
595 1501 1610
1652 1457 1663
957 1442 1632
367 1445 1620
1822 1448 1631
4831 1549 1652
1767 1473 1608
5191 1496 1540
5924 1517 1581
4481 1483 1554
763 1515 1560
5207 1516 1610
3184 1525 1593
5537 1426 1640
3922 1543 1617
1349 1498 1588
2371 1412 1664
5331 1547 1676
3544 1492 1585
2755 1505 1564
281 1520 1594
6197 1122 1606
1155 1537 1681
5726 1501 1678
4057 1543 1673
2181 1526 1673
3517 1515 1565
1764 1395 1666
4198 1517 1592
2251 1488 1594
3907 1505 1669
5508 1493 1588
3815 1169 1619
1578 1184 1626
6092 1488 1627
5583 1521 1671
2059 992 1659
1565 1512 1568
4655 1547 1633
317 1497 1541
6149 1534 1622
606 1493 1542
5776 1514 1555
1438 1478 1553
3269 1517 1576
1613 1501 1622
4817 1476 1546
2373 1421 1657
3650 1492 1583
4679 1483 1572
3902 1493 1557
5035 1422 1648
3276 1522 1617
938 1487 1583
2533 1483 1661
4888 1524 1605
418 1430 1659
5265 1418 1653
5294 1481 1602
1812 1543 1649
3317 1433 1635
3067 1508 1575
4911 1044 1708
5499 1538 1663
3750 1437 1640
1137 1502 1618
4816 1508 1552
6162 1480 1545
6218 1542 1620
823 1516 1573
2056 1545 1663
643 1510 1570
459 1486 1626
5349 1390 1664
3331 1533 1597
5345 1477 1564
3294 1465 1662
4463 1512 1559
102 1504 1566
1245 1514 1563
4713 1526 1617
4616 1487 1582
4228 1488 1577
1036 1542 1666
4156 1511 1676
5938 1496 1584
3784 1395 1662
4182 1398 1657
2773 1444 1659
6214 1443 1632
5284 1155 1613
2643 1538 1676
2426 1516 1583
3180 1456 1662
1676 1489 1665
5989 1516 1574
1647 1538 1660
1238 1459 1648
5749 1479 1542
2688 1517 1611
2665 1479 1537
5872 1110 1739
517 1509 1585
2733 1477 1547
1412 1494 1547
3030 1544 1652
1935 1515 1586
1134 1504 1559
939 1473 1656
4039 1180 1641
1538 1520 1683
416 1450 1643
6 1483 1599
4532 1517 1591
2531 1537 1634
5038 1489 1664
1163 1501 1621
1597 1514 1540
1458 1538 1627
5481 1525 1684
3943 1462 1620
2379 1509 1580
1176 1484 1550
1543 1414 1664
1630 1497 1619
1733 1517 1544
4351 1482 1566
3444 1541 1622
5363 1529 1671
2903 1507 1564
3408 1527 1600
4084 1532 1606
1941 1528 1609
766 1517 1547
4692 1444 1621
5272 1522 1596
4880 1441 1628
961 1544 1629
4743 1451 1623
4003 1451 1638
816 1492 1590
4174 1516 1563
5283 1538 1628
5028 1539 1668
5973 1483 1664
1747 1474 1554
4495 1443 1658
3117 1485 1545
4145 1510 1562
839 1514 1568
1149 1457 1648
760 1433 1651
6132 1481 1552
3258 1497 1563
4047 1504 1565
2342 1508 1672
5543 1474 1560
3021 1092 1613
1800 1519 1575
892 1532 1679
2800 1498 1552
3543 1505 1554
1665 1478 1552
3912 1544 1641
3232 1541 1670
3497 1542 1621
6078 1437 1628
2100 1037 1721
109 1513 1559
234 1513 1571
69 1491 1616
4030 1514 1556
3579 1058 1637
2097 1517 1588
1468 1504 1539
2945 1447 1620
2129 1477 1550
3162 1500 1669
88 1489 1630
3178 1457 1657
4642 1441 1650
2634 1460 1653
1783 1116 1624
5222 1541 1627
3671 1496 1531
613 1487 1623
589 1434 1656
6099 1510 1572
5051 1538 1613
5781 1495 1613
5557 1452 1661
1684 1497 1535
2996 1498 1583
2238 1501 1538
3969 1540 1613
3367 1522 1575
5067 1448 1653
6039 1509 1570
2609 1188 1636
5155 1047 1705
5886 1503 1586
676 1020 1660
2615 1416 1577
6075 1467 1540
1221 1430 1633
2227 1481 1679
3362 1469 1587
1415 1574 1729
3900 1114 1614
4758 1557 1711
723 1045 1544
5208 1481 1685
2007 1557 1638
3996 1566 1715
4476 1461 1560
1184 1573 1688
5720 1402 1544
3333 1572 1682
210 1554 1640
1910 1522 1546
4865 1432 1587
1248 1562 1722
5245 1544 1601
1958 1551 1631
3240 1471 1547
885 1459 1547
6104 1581 1777
4388 1503 1685
103 1412 1635
2222 1450 1599
2573 1540 1565
663 1190 1615
5668 1448 1669
4810 1584 1663
5599 1543 1576
4770 1357 1660
5798 1540 1595
4558 1389 1673
5081 1550 1705
1074 1441 1542
5961 1588 1698
4950 1404 1677
5195 1439 1589
4304 1539 1570
2994 1538 1571
5815 1001 1641
4417 1504 1682
2451 1473 1542
253 1524 1688
3081 1477 1583
4345 1426 1553
6249 1551 1655
3865 1534 1542
5362 1408 1563
6079 1558 1707
4884 1479 1673
461 1465 1589
1628 1432 1622
3663 1574 1659
3837 1485 1684
2518 1452 1604
4916 1555 1703
6070 1522 1528
648 1417 1579
5978 1437 1626
4914 1525 1564
3992 1575 1654
2940 1588 1687
3849 1465 1577
707 1582 1660
3706 1562 1656
403 1367 1659
3521 1431 1566
1841 1426 1636
3770 1443 1559
1906 1457 1542
6135 1374 1645
5159 1559 1714
3534 1414 1679
3442 1567 1731
2982 1397 1641
1061 1539 1597
276 1131 1610
5091 1548 1714
400 1425 1634
363 1445 1609
582 1042 1542
2142 1460 1591
2553 1553 1698
3351 1451 1580
238 1430 1553
3771 1031 1641
1956 1195 1622
5912 1577 1691
2362 1552 1726
4085 1416 1683
2318 1418 1545
217 1523 1687
5144 1581 1771
4404 1553 1699
4890 1383 1644
919 1563 1716
4997 1442 1670
3736 1432 1572
6256 1386 1683
3394 1488 1685
2901 1462 1608
329 1430 1564
5675 1544 1571
3936 1016 1709
3530 991 1639
848 1564 1721
6178 1480 1594
4072 1466 1577
2654 1381 1681
3916 1006 1629
2525 1561 1666
2301 1565 1716
2646 1570 1721
3982 1552 1635
2355 1526 1558
3159 1576 1694
5834 1384 1676
5044 1556 1652
1663 1520 1534
273 1428 1583
4428 1422 1667
1717 1562 1665
6238 981 1665
4272 1554 1623
535 1398 1639
1280 1442 1591
4528 1397 1685
5532 1433 1619
1724 1515 1693
2004 1574 1725
1646 1175 1678
3242 1507 1530
1305 1430 1574
462 1486 1520
3248 1576 1711
3376 1461 1542
3348 1433 1545
4764 1453 1544
28 1027 1639
3565 1532 1544
2446 1520 1686
3020 1415 1683
354 1420 1544
230 1469 1583
5029 1552 1694
2160 1484 1529
1571 1508 1526
5775 1515 1535
2705 1589 1704
2527 1465 1549
4579 1446 1561
6167 1441 1548
4451 1459 1538
4367 1376 1665
619 1159 1713
782 1527 1569
3600 1460 1603
5485 1574 1679
1220 1365 1641
1124 1579 1675
465 1544 1563
1302 1534 1579
90 1449 1568
3315 1369 1664
2361 1455 1587
2413 1536 1541
3344 1423 1596
3026 1556 1630
242 1413 1690
419 1564 1706
4465 1577 1685
1703 1430 1632
2984 1186 1734
5006 1528 1534
3629 1420 1567
5379 1481 1527
5597 1381 1649
661 1410 1532
3556 1447 1543
5315 1552 1672
2906 1518 1527
2772 1537 1608
833 1578 1713
1450 1200 1618
3389 1358 1649
4374 1513 1523
1309 1410 1580
1546 1564 1730
6028 1577 1718
2851 1583 1774
1257 1457 1587
988 1476 1525
5113 1483 1592
485 1563 1737
2280 1559 1704
2921 1527 1529
160 1500 1518
1104 1453 1586
1866 1365 1653
3405 1432 1569
155 1422 1624
5127 1406 1675
5342 1477 1531
123 1427 1572
5424 1565 1709
5892 1568 1668
1071 1547 1610
4710 1420 1560
3406 1432 1544
4646 1454 1582
5742 1534 1581
1023 1591 1766
2835 1478 1572
539 1547 1731
1849 1431 1613
6181 1380 1649
5220 1473 1541
2164 1432 1581
4168 1461 1602
4989 1058 1628
4293 1469 1551
685 1454 1591
5503 1427 1676
2925 1570 1695
2386 1552 1613
2644 1558 1649
1171 1549 1707
3715 1585 1769
4014 1557 1714
5643 1520 1691
2021 1581 1683
305 1129 1586
2918 1547 1701
2135 1035 1733
5620 1564 1688
5988 1391 1680
2757 1550 1699
250 1395 1676
5945 1560 1697
3100 1540 1582
1525 1580 1658
5604 1537 1590
978 1553 1639
4311 1552 1620
6095 1423 1572
2647 1447 1662
3917 1432 1563
3878 1398 1685
3524 1474 1565
6247 1531 1537
4870 1445 1560
1714 1466 1673
1319 1506 1521
3233 1509 1524
3478 1450 1669
3436 1481 1673
1694 1460 1607
5564 1423 1626
5108 1580 1774
3944 1487 1522
2869 1525 1529
4742 1559 1703
5419 1553 1714
4052 1523 1693
3274 1557 1732
1792 1554 1716
4556 1586 1696
410 1404 1568
2963 1568 1667
547 1544 1554
525 1556 1641
5982 1186 1735
2724 1487 1557
4913 1570 1657
5330 1583 1689
3166 1443 1587
1754 1542 1569
5665 1466 1676
284 1576 1667
4659 1202 1634
2302 1585 1667
5361 1408 1525
3193 1587 1666
2966 1582 1684
806 1553 1665
976 1541 1572
5147 1575 1774
1249 1580 1711
4577 1459 1535
3622 1434 1662
99 1447 1545
1625 1420 1645
2144 1408 1538
6034 1490 1519
1477 1576 1652
3919 1526 1529
605 1396 1540
5584 1443 1669
1388 1555 1631
598 1543 1569
5338 1579 1660
4281 1454 1543
3425 1458 1584
2392 1502 1520
5745 1409 1686
780 1461 1596
2268 1570 1688
3643 1567 1732
3951 1550 1691
3831 1551 1724
4720 1552 1696
6157 1534 1558
4358 1456 1596
847 1421 1682
4485 1484 1532
3923 1465 1542
879 1454 1557
3409 1464 1539
1725 1542 1557
3458 1543 1608
2407 1577 1773
3702 1421 1624
3554 1556 1685
5711 1450 1675
5800 1520 1688
3229 1515 1536
5446 1374 1661
3630 1575 1720
4133 1583 1776
718 1526 1537
5977 1489 1527
2878 1467 1561
5790 1400 1689
3668 1493 1685
3574 1422 1577
2180 1574 1651
1446 1412 1641
2260 1555 1696
5969 1567 1710
2447 1518 1529
2030 1427 1627
5910 1431 1572
2429 1432 1549
2425 1488 1610
3735 1560 1679
2246 1359 1659
1696 1576 1704
916 1406 1532
5623 1358 1657
5310 1504 1532
609 1462 1535
4898 1578 1707
3380 1121 1595
2370 1174 1598
1737 1429 1597
6100 1552 1638
194 1481 1585
3222 1438 1605
1761 1169 1601
800 1044 1637
2722 1537 1541
1545 1494 1611
1607 1479 1591
3468 1469 1563
1999 1479 1587
2998 1511 1534
2035 1557 1643
2701 1378 1646
1444 1482 1526
672 1456 1590
1453 1441 1577
4329 1512 1694
1073 1021 1645
2465 1556 1662
1955 1438 1607
523 1578 1702
1254 1360 1645
4105 1498 1687
1345 1525 1554
1992 1509 1691
5864 1563 1679
2877 1483 1525
4714 1529 1540
5193 1566 1725
409 1413 1564
2130 1182 1726
1659 1554 1634
1743 1428 1591
842 1460 1537
406 1467 1577
4935 1426 1551
5000 1561 1699
4965 1427 1672
1880 1553 1707
382 1423 1555
372 1531 1567
4420 1364 1658
5296 1542 1576
2958 1477 1576
5269 1450 1576
5550 1577 1701
1044 1401 1679
830 1414 1565
3823 1531 1532
1140 1423 1622
1601 1437 1599
3137 1454 1589
4504 1546 1622
5372 1539 1562
4945 1567 1667
218 1550 1666
220 1490 1524
5094 1365 1671
550 1554 1703
2841 1560 1670
2210 1516 1534
170 1423 1635
247 1440 1612
3434 1568 1659
5516 1565 1674
359 1561 1739
2517 1533 1586
1666 1178 1606
161 1507 1688
4868 1426 1547
1043 1486 1679
6094 1449 1544
515 1560 1714
1809 1556 1648
5904 1431 1560
4885 1482 1590
6180 1155 1592
366 1462 1538
1830 1417 1642
3655 1411 1575
5388 1426 1584
5667 1466 1575
3846 1429 1604
1687 1456 1599
453 1584 1718
5890 1424 1559
1050 1521 1540
2879 1518 1539
5979 1547 1719
5351 1519 1690
4861 1569 1695
2693 1397 1649
1321 1434 1626
902 1522 1693
2352 1427 1683
4078 1583 1773
3411 1436 1588
283 1379 1656
4326 1504 1523
1834 1464 1584
1325 1455 1584
1938 1578 1708
5853 1407 1528
5185 1401 1635
44 1589 1769
5278 1444 1580
2782 1482 1674
3714 1466 1552
5418 1555 1697
4881 1553 1658
5355 1432 1611
2040 1543 1592
4310 1531 1554
5974 1574 1665
1060 1426 1594
3519 1471 1575
5198 1509 1518
2604 1579 1657
1016 1530 1579
2561 1434 1549
2750 1579 1687
2524 1560 1695
3108 1421 1671
5933 1541 1594
2490 1478 1599
4221 1425 1619
6150 1425 1684
4675 1559 1671
4822 1179 1601
854 1576 1662
637 1379 1653
4765 1582 1679
3391 1183 1607
1223 1540 1568
3121 1450 1583
4584 1135 1586
4002 1472 1586
1872 1476 1569
1805 1464 1531
3250 1463 1581
3147 1437 1556
725 1574 1666
4952 1419 1542
2287 1540 1680
163 1565 1718
1755 1562 1676
5237 1535 1548
3675 1480 1531
3747 1527 1563
4966 1567 1785
4623 1374 1673
2189 1573 1673
1350 1451 1548
2788 1521 1688
5616 1582 1666
5728 1531 1577
1675 1573 1774
1310 1456 1548
5916 1451 1592
3658 1433 1587
3106 1470 1543
1311 1438 1592
3989 1586 1683
3927 1121 1592
3772 1449 1591
4325 1536 1557
2067 1533 1568
3353 1420 1568
4760 1543 1565
4685 1538 1565
1145 1407 1530
1723 1471 1589
512 1503 1518
4015 1428 1683
2959 1461 1597
3073 1358 1663
722 1417 1527
3855 1482 1593
2145 1529 1545
4040 1567 1708
6191 1420 1569
1496 1539 1576
1735 1430 1550
2587 1534 1540
5571 1571 1708
425 1421 1536
2611 1441 1613
3522 1580 1717
3611 1523 1527
1015 1441 1612
5235 1419 1559
1480 1402 1681
2669 1418 1629
4034 1433 1665
1278 1453 1593
2032 1391 1644
1695 1402 1532
3768 1552 1731
910 1476 1674
1109 1434 1547
6212 1542 1562
2321 1379 1658
3575 1561 1724
5947 1436 1672
1847 1437 1611
2664 1480 1524
603 1492 1612
5122 1551 1648
2951 1543 1550
1472 1423 1549
5548 1441 1590
4894 1440 1569
6172 1556 1701
498 1527 1557
4079 1585 1705
4422 1475 1587
2955 1570 1663
794 1554 1644
1732 1012 1698
3226 1587 1701
1616 1466 1601
5110 1421 1531
3005 1420 1547
1374 1488 1522
726 1383 1643
3939 1570 1650
5483 1454 1560
3283 1446 1599
5522 1516 1694
1147 1455 1578
2391 1415 1546
3029 1441 1573
1832 1547 1722
4473 1412 1530
5855 1425 1676
601 1492 1518
3247 1187 1616
2887 1468 1527
3045 1549 1722
4969 1558 1676
2752 1578 1652
805 1541 1581
1669 1554 1636
2452 1416 1558
4725 1081 1611
1034 1460 1584
173 1557 1639
3987 1536 1550
1790 1431 1577
751 1379 1673
1348 1541 1575
764 1376 1660
3200 1558 1672
657 1455 1541
1893 1416 1522
2618 1547 1736
1969 1564 1701
1681 1520 1528
53 1419 1562
1092 1447 1672
4644 1485 1566
3704 1447 1609
1466 1584 1775
1255 1547 1732
4757 1575 1680
6160 1398 1542
1858 1538 1554
4077 1560 1660
4586 1419 1630
2844 1577 1717
3654 1551 1713
5306 1402 1637
2501 1575 1718
2857 1588 1684
6085 1448 1553
2503 1444 1588
2449 1586 1686
4661 1549 1627
3014 1462 1601
3532 1523 1690
5478 1556 1651
4258 1408 1649
4878 1466 1543
4658 1438 1589
202 1580 1666
2358 1568 1658
3560 1560 1648
5820 1436 1617
6025 1550 1689
1909 1574 1721
2396 1419 1543
5976 1559 1653
5063 1484 1582
1870 1524 1530
3812 1441 1663
1618 1439 1548
4860 1529 1563
4738 1572 1676
3036 1048 1636
1103 1561 1708
1180 1524 1545
4339 1556 1661
4024 1414 1552
477 1585 1714
2200 1433 1617
1577 1351 1663
1779 1450 1605
3153 1435 1586
2339 1565 1689
4350 1424 1629
3548 1391 1672
3059 1453 1575
3493 1525 1692
3355 1464 1551
3271 1552 1665
895 1556 1675
484 1460 1668
3893 1361 1662
5710 1578 1715
375 1548 1713
5301 1535 1585
4074 1421 1534
2704 1446 1560
1225 1538 1586
10 1444 1595
2357 1413 1583
2308 1434 1621
1604 1555 1655
4875 1579 1710
5589 1557 1705
4828 1475 1567
1272 1433 1579
5504 1161 1602
5517 1362 1643
4189 1482 1672
1312 1405 1534
2793 1496 1684
1758 1419 1581
5042 1545 1613
5445 1557 1668
2173 1390 1679
5380 1530 1572
5551 1584 1733
4800 1475 1722
625 1445 1535
3913 1598 1688
1985 1595 1671
5520 1042 1624
5252 1041 1523
1793 1400 1550
803 1497 1711
5664 1430 1539
785 1344 1657
5050 1517 1512
2264 1408 1628
3994 988 1627
741 1384 1540
2739 1169 1709
2907 1486 1724
3819 1615 1658
5724 1589 1648
1511 1336 1668
5699 1619 1670
6215 1562 1625
941 1541 1710
3975 1062 1757
2952 1587 1651
3203 1576 1761
2979 1042 1523
2637 1441 1688
2975 1612 1656
3058 1599 1681
825 1567 1649
3779 1200 1699
3824 1405 1710
5833 1405 1616
378 1563 1607
3901 1588 1753
3393 1478 1709
4869 1549 1538
6227 1592 1745
2532 1411 1695
6119 1552 1558
6130 1514 1707
1844 1566 1746
4416 1477 1717
857 1452 1523
5367 1601 1675
4933 1556 1789
746 1487 1718
4108 1604 1717
542 1033 1539
4009 1032 1531
909 1401 1560
3461 1574 1784
4135 1484 1716
3798 1554 1541
6023 1425 1689
959 1289 1524
2047 1625 1663
5588 1473 1708
2174 1317 1660
1813 1089 1606
4197 1456 1727
5561 1553 1544
2946 1591 1673
682 1605 1700
532 1555 1746
46 1550 1598
4395 1555 1759
1786 1283 1533
3236 1579 1741
5266 1072 1598
2915 1559 1619
2493 1589 1727
5194 1040 1530
5440 1611 1667
1756 1152 1586
5852 1549 1600
5782 1619 1666
3952 1574 1760
2694 1588 1787
5386 1369 1684
3896 1132 1575
6235 1598 1687
1452 1602 1660
3541 1398 1585
6161 1513 1520
5727 1585 1656
3133 1016 1731
3906 1603 1678
3515 1585 1753
2853 1561 1624
196 1437 1687
843 1510 1705
592 1609 1661
1975 1585 1719
2995 1427 1707
3208 1530 1705
6021 1515 1700
5236 1428 1614
328 1590 1686
392 1296 1523
5913 1595 1773
5320 1284 1525
2364 1386 1551
5307 1590 1673
42 1394 1529
1188 1548 1547
2277 1588 1640
4698 1591 1732
5729 1536 1527
1901 1320 1651
6209 1560 1619
3869 1449 1680
130 1443 1532
922 1454 1531
4270 1036 1626
2398 1529 1705
874 1399 1573
3495 1124 1578
264 1589 1709
679 1414 1705
4534 1398 1555
457 1414 1586
1299 1574 1789
955 1402 1563
78 1582 1757
5935 976 1676
5758 1507 1715
1838 1546 1545
151 1475 1517
6222 1195 1677
6068 1399 1591
6053 1633 1670
1627 1544 1547
1776 1591 1700
735 1395 1622
4839 1424 1609
6113 1450 1532
2484 1534 1705
1181 1461 1685
3191 1381 1528
4993 1471 1519
527 1592 1777
279 1392 1546
6116 1475 1687
3185 1142 1576
2157 1415 1620
5691 1436 1533
6020 1599 1683
1971 1556 1621
5540 1309 1562
5313 1402 1517
6019 1326 1548
5437 1569 1649
2872 1505 1714
2118 1426 1702
2512 1591 1692
6186 1557 1577
2378 1406 1617
1759 1475 1516
2236 1562 1640
429 1505 1712
3230 1576 1753
4727 1410 1511
6062 1627 1663
5964 976 1672
3525 1569 1737
3396 1454 1729
1900 1552 1538
5876 1589 1678
6017 1503 1701
1355 1385 1524
6022 1320 1653
2170 1456 1708
5100 1565 1755
1201 1459 1676
5506 1581 1647
4348 1545 1594
778 1384 1554
135 1004 1721
1368 1472 1723
4062 1468 1681
67 1309 1559
4520 1280 1525
1974 1306 1565
3311 1492 1712
1656 1338 1657
5201 1547 1583
43 1489 1687
2455 997 1625
2162 1562 1749
165 1555 1582
136 1563 1630
2815 1542 1532
2012 1604 1704
1633 1495 1517
2346 1522 1705
5764 1578 1785
4148 1469 1692
2640 1422 1541
5129 1552 1754
5851 1488 1712
5915 1394 1530
3872 1594 1650
3749 1401 1699
2627 1398 1584
1183 1594 1720
2314 1610 1704
3028 1390 1690
2454 1551 1566
3379 1532 1700
4019 1398 1553
458 1389 1546
1639 1379 1543
668 1431 1691
1406 1414 1608
180 1469 1722
1965 1175 1583
1001 1385 1535
2509 1446 1537
6134 1181 1679
1159 1023 1637
1179 1441 1531
4905 1540 1687
1142 1560 1761
137 1419 1623
4624 1553 1746
4561 1591 1697
3689 1604 1657
3631 1396 1516
4951 1578 1649
1531 1547 1797
2467 1547 1576
2973 1400 1552
265 1594 1730
3623 1555 1573
5314 1406 1515
3157 1347 1656
4385 1463 1712
4649 1442 1526
4137 1549 1537
3657 1588 1715
4840 1603 1710
5662 1429 1705
3741 1434 1537
2648 1526 1709
295 1343 1651
1335 1295 1538
4243 1171 1590
1979 1310 1550
2848 1426 1693
3856 1567 1641
2102 1559 1626
5859 1185 1602
3920 1609 1705
1989 1549 1590
3758 1184 1594
4462 1570 1648
2279 1556 1562
3946 1430 1694
1262 1536 1697
4701 1376 1551
3146 1396 1587
189 1554 1790
852 1559 1557
5080 1123 1585
4049 1605 1654
599 1590 1668
4050 975 1652
2233 1413 1713
1128 1601 1651
4995 1579 1640
5575 1538 1529
3192 1400 1618
2613 1553 1566
1528 1531 1709
690 1400 1510
3903 1483 1730
4370 1535 1520
5114 1316 1559
2078 1492 1713
5217 1546 1690
669 1578 1758
1048 1147 1577
2456 1599 1654
2014 1479 1692
3592 1426 1694
5030 1589 1705
4450 1590 1656
1367 1557 1757
5204 1399 1618
4225 1573 1761
572 1416 1705
4886 1398 1696
11 1408 1717
877 1562 1611
3830 1594 1706
3422 1352 1684
538 1197 1600
819 1303 1578
558 1102 1593
5047 1408 1620
5166 1402 1518
5791 1421 1692
2443 1564 1593
4531 1596 1713
5636 1373 1682
1386 1374 1547
4508 1390 1544
1422 1402 1588
812 1473 1719
4338 1396 1556
1924 1546 1531
5826 1412 1610
3801 1585 1650
4690 1399 1701
5903 1561 1644
4671 1596 1777
177 1440 1534
4653 1523 1711
4517 1586 1651
278 1404 1550
3310 1549 1739
4205 1597 1684
4651 1583 1739
3866 1576 1791
6148 1601 1771
2663 1001 1704
2692 1476 1716
3415 1331 1644
2734 1412 1587
1738 1398 1574
3875 1406 1629
5705 1476 1522
5216 1542 1700
5172 1563 1646
3660 1535 1521
2949 1599 1705
1583 1327 1552
3624 1574 1740
1481 1476 1740
5753 1488 1688
5120 1480 1694
4159 1630 1664
6087 1410 1508
80 1529 1703
3940 1541 1533
1588 1551 1561
2039 1434 1543
3634 1577 1789
4673 1502 1516
5335 1395 1627
6058 1541 1538
3636 1483 1516
1868 1395 1690
454 1597 1781
5117 1470 1680
294 1472 1741
4444 1598 1712
1075 1538 1704
1771 1469 1709
2163 1554 1609
471 1578 1731
721 1586 1658
1923 1545 1531
1902 1432 1698
4551 1583 1648
112 1327 1650
431 1605 1684
4223 1550 1560
2231 1590 1750
543 1497 1720
2005 1451 1526
2974 1596 1736
3472 1470 1524
1213 1606 1667
6074 1574 1735
2674 1387 1528
3079 1573 1796
1160 1461 1716
734 1607 1660
124 1046 1523
2741 1518 1516
405 1441 1528
501 1036 1537
164 1561 1744
5956 1541 1541
5702 1524 1707
3701 1415 1515
1770 1406 1578
5010 1597 1669
3141 1383 1552
900 1554 1592
1085 1522 1702
712 1598 1666
647 1603 1658
1933 1483 1723
1121 1621 1666
6153 1595 1697
5809 1166 1679
3983 1460 1731
3148 1492 1706
783 1412 1614
393 1611 1668
4036 1500 1702
4906 1519 1713
5031 1401 1562
4033 1540 1528
1486 1611 1689
3125 1559 1566
3188 1535 1532
1199 1499 1701
4445 1612 1670
5965 1368 1683
6124 1383 1529
2247 1566 1800
2774 1465 1518
4948 976 1660
1964 1459 1521
1347 1464 1709
21 1599 1690
1317 1518 1701
1620 1441 1540
1544 1186 1600
5808 1602 1707
3659 1584 1782
4254 1321 1556
1168 1549 1580
6243 1301 1574
6031 1562 1615
1442 1591 1721
4461 1555 1591
221 1552 1601
1591 1588 1731
347 1405 1547
5241 1556 1544
2723 1547 1605
5493 1608 1656
2629 1401 1627
1267 1605 1675
1436 1544 1548
6056 1354 1671
5684 1590 1712
658 1551 1536
2155 1591 1748
536 1084 1604
4796 1592 1721
5046 1589 1656
3209 1412 1519
5279 1180 1669
520 1632 1671
1441 1581 1730
4779 1547 1545
1658 1514 1705
4680 1579 1740
4848 1462 1524
5661 1551 1796
581 1465 1691
2259 1472 1522
5759 1152 1581
1187 1507 1705
4941 1529 1694
954 1207 1721
705 1476 1715
5624 1541 1534
1685 1293 1537
1982 1373 1683
4365 1556 1753
636 1537 1718
3687 1452 1687
4988 1304 1579
5757 1486 1726
2207 1345 1676
4774 1474 1735
2112 1339 1648
1981 1601 1717
856 1510 1702
1760 1569 1762
113 1383 1525
5972 1361 1681
3272 1109 1583
6177 1349 1666
1707 1459 1530
983 1535 1523
594 1586 1749
1673 1551 1573
5409 1559 1751
3307 1343 1659
2237 1381 1536
1584 1311 1560
3292 1592 1692
6207 1537 1689
696 1322 1669
1641 1550 1604
831 1388 1537
5884 1598 1673
4409 1624 1663
300 1589 1685
1413 1581 1746
5902 1533 1711
1330 1458 1681
3325 1545 1589
4775 1532 1691
1557 1593 1718
2226 1341 1676
5739 1297 1567
1848 1353 1641
4829 1391 1526
2179 1490 1719
2999 1547 1584
5567 1579 1784
5921 1559 1598
5143 1594 1704
607 1504 1700
4872 1083 1599
2866 1558 1757
901 1474 1687
4393 1498 1705
4048 1457 1682
5713 1558 1619
1371 1523 1521
5658 1545 1577
1552 993 1629
2897 1507 1703
481 1400 1629
4678 1536 1692
3746 1555 1801
2123 1145 1579
4474 1588 1747
5534 1435 1689
4902 1534 1695
2111 1599 1706
4787 1010 1704
3009 1641 1668
689 1497 1695
675 1485 1697
360 1489 1715
3152 1598 1706
2105 1538 1535
688 1577 1749
3494 1553 1547
2779 1623 1669
4542 1472 1691
5541 1563 1788
2010 1534 1530
420 1487 1692
1881 1551 1538
1069 1601 1696
4877 1594 1681
1306 1522 1515
3880 1595 1784
4763 1546 1556
6192 1415 1510
5365 1597 1702
1593 1381 1547
114 1153 1583
4569 1590 1652
1928 1409 1710
5491 1518 1713
1887 1462 1708
2146 1540 1699
5336 1401 1586
576 1420 1513
1467 1489 1693
2430 1421 1515
3883 1575 1751
2856 1598 1713
5137 1608 1670
3343 1568 1649
1494 1346 1670
6027 1550 1605
3731 1590 1679
4754 1385 1549
2601 1401 1522
1908 1561 1634
3328 1544 1539
1877 1528 1525
480 1073 1603
3204 1584 1637
2185 1592 1716
301 1591 1693
3851 1591 1656
2058 1475 1519
1136 1410 1509
5391 1383 1698
5488 1401 1588
4006 1549 1531
4472 1457 1522
4381 1454 1522
27 1400 1695
2964 1557 1623
1276 1422 1605
290 1108 1594
2985 1146 1581
933 1560 1634
440 1139 1572
2805 1322 1666
3374 1594 1690
1079 1459 1518
45 1584 1751
4850 1464 1695
2777 1477 1727
4407 1604 1713
3606 1166 1693
4926 1323 1564
64 1552 1593
4488 1613 1691
17 1382 1684
5841 1489 1717
4279 1592 1650
6060 1467 1691
1353 1612 1671
1484 1573 1748
1423 1556 1558
2526 1592 1700
1778 1572 1743
5125 1035 1537
2166 1399 1575
6051 1589 1724
1968 1410 1589
1939 1400 1707
6221 1587 1663
3934 1454 1680
3744 1495 1709
5519 1602 1670
1298 1189 1693
5016 1601 1673
528 1561 1760
4823 1527 1521
6127 1438 1532
3677 1460 1528
2858 1583 1746
1806 1487 1688
2137 1532 1520
1750 1493 1719
2687 1459 1699
132 1578 1761
580 1423 1606
5328 1382 1534
5036 1530 1526
5521 1505 1693
1372 1587 1715
2245 1467 1711
3888 1382 1544
2323 1090 1594
4094 1416 1606
2630 1534 1712
3112 1608 1676
893 1533 1531
228 1592 1746
5839 1555 1590
4007 1549 1564
2353 1555 1559
3464 1594 1711
5268 1464 1684
1204 1397 1551
1549 1597 1665
3802 1501 1715
2679 1045 1737
1090 1554 1796
2438 1487 1724
1664 1571 1786
757 1449 1688
3370 1545 1592
1623 1298 1563
2190 1420 1615
5617 1525 1521
5258 1394 1514
1207 1373 1684
1086 1546 1551
1186 1455 1679
236 1419 1510
5219 1517 1702
3435 1472 1694
226 1517 1516
3437 1515 1710
1820 1390 1526
4425 1587 1787
2292 1574 1744
1185 1415 1593
2700 1593 1716
5263 1393 1548
4452 1554 1793
2567 1393 1519
5212 1637 1668
4166 1400 1555
5273 1327 1666
3864 1601 1700
4990 1326 1670
5458 1588 1712
2019 1406 1518
5750 1372 1681
5395 1626 1668
2513 1195 1599
1655 1412 1703
1448 1610 1736
2433 1140 1568
3540 1356 1555
5145 1454 1754
2965 1467 1512
2258 1421 1718
3262 1596 1763
2085 1593 1760
4497 1285 1558
3662 1555 1526
2871 1369 1506
3804 1366 1686
4547 973 1634
4618 1571 1610
4114 1384 1736
2507 1658 1657
862 1431 1707
3196 1565 1564
287 1391 1594
3777 1604 1743
5141 1405 1752
4207 1377 1496
5378 1314 1517
446 1295 1495
3275 1615 1641
3268 1412 1500
5390 1304 1529
2529 1553 1527
6183 1020 1535
656 1609 1639
925 1103 1553
2193 1340 1618
4236 1429 1531
3401 1513 1715
801 1522 1510
769 1333 1621
4944 1520 1509
3190 1397 1734
2249 1388 1629
1937 1601 1761
4314 1298 1543
5736 1638 1688
5329 1450 1511
169 1289 1673
1430 1345 1622
1967 1541 1726
1859 1132 1555
4919 1566 1631
3335 1385 1620
5018 1575 1582
1562 1594 1752
4107 1305 1537
2404 1399 1610
1214 1592 1797
704 1450 1518
259 1599 1749
6035 1364 1566
642 1029 1611
1261 1556 1531
3252 1607 1749
5614 1315 1519
2770 1435 1517
1566 1063 1590
585 1622 1715
3550 1565 1623
3019 1595 1631
3567 1613 1728
3365 1443 1699
4342 1552 1520
5040 1533 1734
1471 1394 1602
1447 1508 1717
6201 1315 1514
5501 1606 1773
575 969 1650
880 1273 1566
5466 1564 1570
4248 1638 1679
2542 1309 1604
1028 1279 1521
5831 1561 1771
4750 1326 1577
5021 1374 1543
5894 1539 1732
3025 1381 1640
251 1527 1729
3003 1321 1691
327 1531 1736
302 1384 1626
1322 1598 1764
4211 1567 1588
970 1299 1605
4210 1318 1578
3065 1329 1694
5087 1605 1735
3199 1561 1593
1192 1500 1727
3475 1050 1607
5527 990 1618
5985 1338 1563
2015 1376 1563
3339 1564 1538
2820 987 1609
4557 1434 1520
4691 1602 1642
4825 1650 1671
894 1045 1515
1897 1377 1533
5472 1600 1644
4143 1514 1717
1533 1575 1802
3774 1225 1714
4686 1345 1610
2588 1563 1585
2133 1376 1498
2241 1064 1564
4423 1303 1669
1631 1355 1556
1046 1347 1562
4741 1307 1628
903 1567 1582
2206 1627 1649
3618 1308 1510
5227 1614 1730
5678 1550 1517
2048 1561 1582
691 1053 1557
756 1390 1721
4274 1120 1550
5319 1321 1521
4545 1300 1527
2698 1627 1655
463 1621 1645
2633 1295 1510
6109 1268 1527
156 1208 1647
5463 1629 1684
686 1364 1637
2934 1318 1579
4070 1570 1559
4970 1575 1805
3547 1368 1750
5352 1454 1751
775 1068 1541
6001 1456 1518
5535 1428 1726
4681 1163 1571
1293 1384 1562
6185 1372 1550
2852 1640 1677
1742 1632 1692
513 1354 1563
3793 1658 1678
3850 1329 1638
4815 1599 1737
1892 1602 1736
3810 1569 1559
5515 1571 1619
3692 1565 1557
3382 1304 1674
466 1422 1536
2140 1360 1638
2343 1655 1674
552 1560 1591
3068 1644 1691
1308 1311 1543
963 1567 1638
673 1340 1613
5789 1525 1735
887 1632 1649
3107 1367 1513
5170 1329 1566
5586 1298 1643
1042 1324 1563
5088 1393 1509
2457 1611 1647
1839 1388 1570
678 995 1608
4170 1526 1721
1998 1562 1591
1617 1608 1771
5638 1300 1541
4454 1588 1639
2600 1500 1722
1270 1413 1735
5457 1414 1494
209 1629 1646
2491 1264 1536
4115 1374 1714
804 1539 1733
4332 1565 1618
323 1277 1569
934 1639 1695
2789 1622 1716
4524 1360 1526
2625 1367 1511
344 1308 1632
4398 1420 1718
4280 1385 1640
5287 1646 1675
4360 1546 1526
5743 1641 1664
1598 1405 1496
947 1616 1728
2675 1355 1570
561 1322 1570
1622 1560 1573
2581 1601 1744
5417 1613 1717
2257 1551 1519
4227 1370 1552
5304 1385 1501
739 1374 1707
1581 1108 1555
4942 1512 1725
1862 1297 1500
4035 1429 1519
4111 1291 1545
4972 1049 1539
2548 1341 1640
4110 1548 1768
5119 1363 1550
2659 1564 1769
881 1648 1652
5132 1527 1728
3513 1519 1507
2833 1614 1695
4943 1605 1743
537 1621 1695
4847 1425 1531
5936 1302 1543
5462 1272 1524
6084 1315 1606
4028 1561 1561
1265 1401 1496
6146 1539 1514
245 1395 1572
4477 1558 1805
1475 1600 1784
435 1157 1564
5066 1561 1588
4327 1637 1683
1635 994 1606
574 1589 1796
5436 1653 1666
5529 1531 1725
3491 1457 1518
4237 1309 1516
5792 1000 1610
2768 1571 1620
6066 1570 1617
792 1485 1700
2461 1615 1708
4991 1561 1545
1751 1338 1595
5650 1641 1652
2786 1390 1504
2221 1651 1679
396 1069 1569
2667 1587 1798
4418 1410 1495
357 1625 1707
4522 1560 1548
3122 1622 1677
4271 1200 1600
5952 1362 1534
2902 1159 1563
4008 1527 1509
1491 1361 1526
5878 1371 1510
4538 1272 1538
2305 1319 1623
3843 1020 1614
4317 1620 1717
4164 1285 1516
4167 1448 1507
1173 1537 1726
4783 1068 1560
3976 1390 1566
455 1567 1616
1814 1371 1693
4728 1187 1583
3479 1418 1730
258 1539 1737
1523 1096 1558
623 1636 1697
3673 1210 1678
4981 1633 1657
4224 1296 1539
48 1572 1548
4833 1611 1770
610 1378 1497
3619 1612 1702
187 1552 1761
1886 1645 1689
3330 1280 1594
5430 1442 1711
26 1516 1508
4887 1527 1514
5531 1394 1772
1100 1314 1595
1211 1614 1682
2017 1606 1740
2092 1460 1507
32 1048 1615
5618 1583 1800
3241 1262 1548
761 1367 1521
353 1282 1675
3400 1599 1636
4937 1462 1512
1550 1596 1749
4242 1635 1698
6237 1358 1554
5824 1371 1502
4179 1304 1533
1323 1597 1764
1068 1533 1740
1414 1559 1569
1392 1600 1761
2116 1561 1529
5598 1386 1503
5981 1114 1563
3104 1565 1590
3076 1625 1696
116 1394 1591
4175 1057 1536
5124 1513 1725
1558 1572 1563
142 1614 1726
2084 1339 1561
914 1575 1586
4411 995 1606
5641 1127 1566
4324 1647 1678
413 1568 1538
713 1646 1658
6107 1397 1729
5533 1567 1634
3221 1563 1580
2562 1359 1623
5371 1445 1514
3625 1326 1627
1996 1372 1702
1718 1336 1552
30 1546 1521
953 1288 1506
6002 1032 1523
4436 1543 1721
1277 1409 1501
4446 1643 1692
3782 1620 1643
2895 1408 1500
1194 1627 1704
3918 1506 1721
1369 1339 1565
3788 1625 1690
6013 1659 1669
2896 1657 1669
3642 1414 1496
4509 1612 1733
666 1632 1679
1138 1371 1701
1624 1606 1729
3231 1448 1517
4987 1269 1522
1424 1629 1673
6005 1552 1765
4809 1458 1509
1517 1404 1736
1433 1566 1557
5318 1559 1807
5323 1392 1772
2931 1602 1640
3320 1569 1613
4263 966 1667
834 1413 1502
982 1334 1579
5441 1331 1556
905 1295 1608
2550 1280 1565
5384 1565 1576
1219 1571 1553
4622 1289 1504
5652 1039 1511
398 1484 1514
1387 1509 1729
4598 1548 1529
1292 1598 1754
793 1384 1514
3061 1279 1553
5271 1609 1736
4735 1572 1620
5311 1332 1577
4897 1471 1511
2538 1309 1606
3984 1364 1636
3617 1587 1637
5396 965 1653
4269 1397 1505
2031 1283 1574
4082 1524 1716
1894 1211 1607
3968 1378 1520
318 1608 1711
198 1039 1606
5630 1521 1505
2961 1381 1568
5165 1573 1767
6170 1184 1666
3372 1357 1556
4424 1360 1689
2141 1616 1712
3132 1460 1695
758 1392 1728
3826 1656 1675
1536 1432 1528
4980 1624 1672
3037 1361 1548
3762 1071 1570
3177 1417 1744
5731 1338 1566
1619 1032 1609
4603 1339 1604
417 972 1671
3237 1453 1512
534 1485 1702
5648 1572 1565
1281 1267 1515
223 1609 1720
3697 1531 1730
4708 1619 1715
117 1407 1498
4973 1437 1516
937 1560 1530
5069 1376 1543
2970 1661 1660
2725 1291 1505
5412 1331 1548
4218 1396 1509
5182 1456 1739
5659 1442 1705
687 1527 1727
2038 1655 1662
1139 1618 1711
3590 1652 1668
4088 1374 1510
2617 1441 1516
4689 1542 1802
4044 1421 1499
4233 1382 1701
2091 1309 1543
4296 1356 1630
747 1365 1508
3352 1047 1579
790 1528 1515
2753 1623 1673
5997 1450 1716
3047 1337 1625
2498 1620 1689
3563 1392 1607
66 1342 1563
981 1072 1548
5096 1552 1805
3683 1614 1640
3791 1285 1571
1553 1142 1559
6206 1621 1713
6117 1437 1514
4806 1310 1542
4903 1342 1693
3852 1573 1635
929 1282 1515
434 1380 1590
3350 1379 1509
3063 1478 1513
3077 1559 1524
2584 1561 1541
3733 1645 1691
229 1615 1717
2496 1526 1508
385 1562 1543
4744 1393 1491
5032 1602 1740
248 1345 1691
4567 1551 1808
4864 1597 1742
2535 1336 1551
2719 1371 1547
6121 1388 1743
4724 1617 1724
3486 1565 1551
3364 1384 1511
5785 1368 1564
2519 1280 1555
2471 1064 1561
4315 1287 1587
4458 1571 1613
1303 1311 1659
3570 1651 1654
5835 1544 1736
2894 1373 1507
5697 1347 1633
2607 1421 1725
2929 1209 1620
1749 1058 1596
5061 1327 1571
5732 1307 1501
2415 1110 1576
1174 1282 1560
52 1320 1682
5075 1562 1593
4217 1605 1745
2717 1539 1726
5123 1582 1575
2304 1614 1674
4443 1223 1624
5560 1548 1805
4984 1350 1616
4363 1381 1512
3454 1572 1771
5920 1556 1587
3111 1331 1600
809 1600 1762
635 1581 1576
3092 1433 1526
97 1577 1641
3720 994 1734
3739 1346 1688
3545 1651 1681
4335 1613 1678
4244 1331 1621
5340 1648 1686
4654 1428 1533
677 1357 1625
5490 1544 1730
275 1626 1687
4161 1220 1630
1734 1389 1620
18 1378 1557
2033 1064 1593
1972 1566 1582
4778 1580 1804
3586 1046 1514
4138 1433 1713
4753 1645 1651
2767 1608 1647
201 1578 1591
2967 1413 1505
3359 1278 1597
6163 1615 1724
2968 1346 1555
4946 1283 1546
569 1439 1520
1459 1375 1726
1773 1452 1700
5832 1451 1520
2653 1552 1527
2288 1582 1798
3216 1484 1698
4212 1625 1704
2178 1649 1687
4893 1565 1599
3889 1364 1532
2685 1321 1522
814 1280 1501
5700 1352 1568
335 1568 1545
2650 1098 1580
4736 1437 1513
3664 1597 1751
3814 1618 1678
468 1357 1560
1327 1386 1513
965 1340 1570
5116 1339 1613
3759 1108 1565
4180 1656 1664
3280 1569 1806
1333 1410 1728
2203 1558 1591
1037 1280 1551
162 1312 1506
3726 1629 1694
3498 1389 1513
5385 1590 1755
4959 1605 1642
3753 1424 1732
1361 1035 1761
77 1639 1672
2818 1304 1518
1603 1561 1536
1720 1445 1517
2709 1626 1691
3103 1301 1525
1729 1082 1592
2541 1657 1668
2551 1316 1582
2769 1569 1626
5479 1376 1698
4663 1558 1583
553 1611 1781
2661 1613 1675
4637 1275 1593
1610 1614 1701
3961 1638 1654
6061 1399 1608
79 1556 1771
232 1654 1682
3197 1393 1573
1824 1357 1551
6211 1609 1737
5777 1646 1682
3536 1648 1654
1054 1373 1700
5276 1394 1733
6067 1632 1693
96 1276 1545
3484 1623 1684
3455 1554 1779
2559 1551 1522
4550 1594 1746
5949 1634 1688
4134 1442 1701
3817 1598 1632
1926 1507 1728
5317 1542 1733
1567 1366 1535
6106 1613 1647
2622 1558 1593
4220 1287 1499
602 1312 1638
6091 1362 1566
4376 1311 1683
5818 1273 1546
5448 1358 1640
5752 1375 1564
4619 1599 1741
4795 1603 1747
6154 1537 1742
490 1569 1617
1135 1455 1751
4253 1338 1560
3539 1361 1631
4467 1661 1661
4900 1624 1690
5862 1376 1542
4373 1272 1593
4292 1299 1520
2935 1315 1620
4303 1406 1493
1341 1361 1634
3313 1571 1603
312 1280 1502
1119 1368 1759
4664 1569 1573
3441 1309 1545
3417 1321 1609
521 1543 1523
2427 1402 1492
482 1365 1699
4638 1423 1532
4203 1368 1521
4290 1518 1506
1863 1304 1596
3489 1362 1763
5444 1430 1529
5498 1393 1493
1535 1400 1501
4146 1369 1732
5797 1015 1590
1169 1310 1661
1827 1557 1775
3338 1538 1738
3510 1588 1756
1284 1642 1665
3792 1571 1631
2754 1642 1682
2494 1321 1583
1774 1388 1625
4247 1337 1688
2303 1443 1704
6114 1548 1773
5858 1434 1717
2156 1652 1684
2864 1212 1642
1314 1372 1528
2474 1510 1720
412 1454 1514
5316 1338 1601
2317 1617 1688
1315 1377 1763
2997 1027 1528
4026 1131 1561
1726 1371 1637
4061 1309 1587
3986 1286 1550
2842 1574 1588
3006 1603 1781
5475 1385 1495
3163 1596 1790
2216 1341 1611
5673 1442 1697
3466 1313 1689
1609 1420 1725
4289 1564 1590
6175 1557 1771
56 1562 1566
118 1157 1570
1746 1425 1533
3653 1647 1674
2875 1456 1693
5967 1324 1616
1959 1372 1506
3443 1513 1728
2620 1609 1712
3088 1462 1744
4699 1305 1604
2606 1616 1714
4998 1571 1591
3685 1601 1637
4390 1268 1532
3450 1598 1760
4093 1599 1635
2395 1548 1812
3959 1302 1507
2094 1628 1681
2087 967 1666
3821 1617 1726
1819 1622 1714
2790 1051 1597
1889 1349 1549
2765 1438 1706
1488 1376 1518
5545 1408 1497
3260 1031 1619
4876 1368 1635
908 1598 1761
1021 1265 1547
1495 1435 1705
3964 1271 1537
5740 1342 1552
4938 1433 1714
962 1371 1626
3332 1633 1700
5901 1653 1656
4901 1373 1630
341 1642 1681
3707 1048 1594
6241 1050 1602
3448 989 1695
3756 1262 1537
611 1541 1745
5613 1390 1632
798 1334 1582
3958 1565 1538
4455 1041 1600
3169 1456 1513
2504 1138 1551
2462 1447 1508
1940 1434 1526
931 1514 1720
1919 1348 1551
5596 1467 1744
1572 1387 1630
5568 1211 1620
3207 1549 1526
1083 1612 1766
3881 1318 1697
6199 1295 1513
5592 1392 1570
6142 1616 1711
5489 1615 1672
5261 1293 1564
5737 1369 1520
3459 1425 1729
6037 1518 1732
818 1527 1504
1515 1393 1510
2791 1324 1592
1078 1304 1523
4487 1631 1683
7 1459 1745
380 1367 1553
1164 1342 1604
1084 1627 1699
3183 1560 1586
3218 1012 1598
5626 1529 1718
2797 1397 1504
6026 1563 1589
4173 1436 1515
2161 1390 1562
5810 1610 1643
2932 1389 1716
1871 1569 1639
70 1536 1517
3083 1307 1531
1661 1332 1602
1556 1664 1666
4595 1395 1722
6115 1341 1701
2437 983 1614
5068 1440 1510
870 1281 1576
618 1395 1499
2243 1440 1520
5327 1560 1549
6205 1610 1773
1640 1313 1524
3925 1620 1678
5078 1648 1657
529 1362 1557
5246 1198 1658
296 1537 1517
4590 1337 1598
5058 1442 1721
4594 1616 1693
3926 1618 1684
1512 1616 1689
4492 1543 1811
1157 1208 1629
5105 1311 1512
777 1611 1735
1499 1384 1633
3281 1362 1516
1449 1116 1572
2057 1547 1515
1045 1262 1542
3312 1412 1497
1736 1294 1510
4058 1063 1550
662 1382 1731
437 1558 1581
2138 1624 1689
4321 1105 1563
2468 1382 1517
3729 1565 1544
1850 1381 1509
3885 1609 1775
2276 1447 1710
3446 1621 1680
1041 1193 1664
651 1361 1521
311 1478 1697
2658 1543 1520
2944 1616 1724
5449 1601 1786
926 1532 1512
5778 1389 1595
6059 1640 1694
4696 1390 1623
4192 1408 1746
3035 1651 1653
1099 1589 1765
401 1433 1720
2069 1615 1710
5177 1642 1647
4732 1529 1729
1869 1415 1504
104 1381 1625
266 1646 1661
1789 1450 1693
3134 1611 1780
3867 1627 1654
1273 1185 1582
1534 1277 1548
5368 1599 1792
5780 1625 1732
6007 1351 1519
2025 1347 1545
1856 1258 1544
3282 1051 1549
376 1386 1576
4127 1230 1612
2742 1372 1602
5257 1433 1788
1529 1361 1508
1404 1581 1635
1435 1376 1581
3385 1665 1664
4759 1670 1655
1611 1341 1467
742 1396 1483
4645 1671 1657
6038 1368 1479
5139 1154 1557
4668 1339 1477
1058 1325 1480
3577 1652 1644
4940 1248 1558
1197 1357 1485
3776 1620 1725
4498 1076 1533
1905 1452 1728
545 1578 1593
3979 1547 1824
5577 1628 1766
3492 1569 1523
2103 1475 1746
851 1529 1744
5109 1604 1627
6229 1507 1741
6050 1460 1503
3447 1672 1668
6102 1403 1485
1403 1366 1718
2064 1363 1793
1740 1444 1758
4219 1332 1473
1657 1537 1507
5497 978 1714
3198 1310 1654
2930 1372 1591
5593 1578 1562
1654 967 1678
5004 1258 1559
5523 1484 1504
4983 1505 1515
1251 1356 1601
6233 1238 1623
714 1649 1703
6187 1345 1482
728 1337 1527
3136 1313 1475
4956 1598 1628
370 1584 1582
5262 1627 1633
3834 1116 1541
2000 1655 1650
2485 1544 1504
3950 1569 1582
681 1318 1475
2927 1293 1693
68 1460 1496
4361 1437 1498
1301 1359 1463
2776 1669 1667
6140 1479 1501
3395 1438 1784
1218 1310 1474
5966 1538 1503
5353 1315 1706
1006 1582 1572
3340 1375 1594
1629 1209 1670
4879 1582 1589
3010 1628 1718
2225 1580 1621
1497 1168 1563
4051 1543 1749
5303 1626 1713
3041 1329 1522
3402 1499 1512
5748 1571 1818
4302 1036 1508
1772 1431 1505
1994 1219 1606
4193 1368 1612
5334 1629 1721
2410 1594 1798
5167 1316 1492
1033 1576 1609
4336 1610 1631
1930 1326 1483
5291 1576 1603
1457 1334 1478
2695 1250 1546
4536 1335 1542
4496 1381 1481
3080 1461 1500
3295 1664 1680
2088 1616 1745
3017 1361 1619
6145 1251 1554
2572 1399 1478
5286 1579 1806
1264 1547 1777
4249 1113 1544
364 1452 1503
1096 1334 1498
4541 1545 1819
5856 1424 1510
1059 1380 1609
2598 1611 1743
3535 1354 1469
1831 1427 1499
1400 1601 1765
428 1052 1544
1708 1023 1588
1645 1433 1752
4626 1492 1879
31 1449 1734
2515 1575 1545
6242 1450 1497
2854 1654 1705
6169 1641 1642
5205 1583 1812
3140 1602 1791
4191 1669 1664
2266 1550 1793
1644 1572 1528
3039 1553 1826
2575 1425 1760
2913 1260 1562
5344 1244 1545
239 1530 1752
2270 1591 1801
2298 1611 1790
5375 1343 1472
4020 1498 1874
2868 1339 1457
1208 1349 1478
5456 1359 1517
2340 1586 1565
5865 1013 1567
386 1352 1479
871 1017 1605
5082 1355 1528
6176 1225 1686
5579 1377 1482
3558 1341 1471
3482 1324 1711
4548 1361 1782
6125 1662 1650
915 1027 1583
2566 958 1645
6110 1327 1506
1177 1515 1514
5793 1357 1609
2338 1383 1608
1235 1671 1650
4924 1673 1664
4122 1287 1490
5528 1613 1787
4490 1583 1813
3467 1046 1570
1683 1427 1515
3440 1356 1526
3477 1347 1583
1883 1374 1583
5131 1209 1662
4493 1673 1657
1357 1552 1825
3948 1351 1498
5037 1267 1508
1256 1352 1601
4343 1669 1647
313 1336 1465
732 1046 1500
3931 1395 1486
2718 1361 1500
1602 1630 1639
2055 1378 1611
3324 1542 1510
6173 1514 1857
5601 1503 1876
5747 1552 1511
5451 1310 1483
1745 1624 1732
3329 1375 1600
4251 1396 1478
1855 1263 1562
649 1337 1472
5076 1647 1694
3287 1369 1459
2273 1369 1492
1190 1357 1540
2943 1516 1501
784 1055 1530
4427 1334 1464
5632 1349 1500
3418 1327 1513
4437 1259 1567
622 1605 1621
984 1427 1765
1274 1361 1494
2641 1656 1697
5073 1302 1654
6101 1554 1518
3612 1251 1571
1660 1618 1777
2265 1329 1488
1407 1258 1530
2229 1371 1487
1141 1632 1720
2730 1407 1765
6097 1655 1690
1114 984 1586
1690 1657 1698
41 1644 1710
1269 1343 1758
4415 1662 1655
2597 1440 1782
2261 1578 1558
2799 1248 1554
4855 1609 1622
1518 1268 1613
1803 1330 1711
4693 1577 1620
216 1575 1558
3167 1349 1467
5738 1329 1467
3228 1368 1494
3234 1354 1512
3752 1610 1636
5435 1091 1532
4331 1568 1519
2434 1408 1482
4740 1036 1576
86 1425 1517
3309 1352 1712
100 1349 1602
964 1506 1510
3366 1638 1638
3354 1496 1863
63 1479 1505
2635 1331 1503
4734 1218 1653
4849 1360 1494
655 1364 1478
171 1615 1742
5346 1521 1744
374 1377 1481
2418 1357 1522
4896 1364 1587
6086 1665 1651
4 1349 1486
3416 1495 1514
3004 1429 1506
5414 1504 1731
1564 1389 1617
3427 1358 1621
4747 1645 1647
5382 1111 1538
2917 1585 1575
4599 1080 1537
1236 1276 1683
4726 1082 1532
5020 1514 1741
5838 1639 1703
2547 1270 1616
445 1132 1545
604 1588 1583
5879 1393 1479
1612 1638 1636
1650 1545 1758
1586 1346 1460
5026 1485 1503
997 1286 1492
5008 1471 1752
2555 1376 1470
47 1353 1759
5387 1252 1528
3884 1243 1611
4961 1631 1717
5097 1353 1709
4491 983 1720
5420 1269 1626
2062 1343 1466
1818 1231 1620
4964 1500 1875
2549 1415 1488
4386 1570 1520
1885 1609 1750
5768 1020 1555
1539 1366 1504
1421 1451 1499
222 1416 1785
3973 1321 1500
4344 964 1667
4635 1404 1477
3154 1576 1552
2885 1246 1555
4731 1327 1543
1857 1333 1533
2563 1584 1571
1022 1372 1720
2677 1441 1743
4169 1534 1753
4803 1336 1499
5574 989 1584
5784 1515 1873
3870 971 1609
2073 1582 1636
4126 1300 1653
665 1361 1479
5615 1211 1601
4064 1341 1593
5766 1573 1817
2475 1385 1606
1916 1549 1825
2710 1549 1505
274 1358 1581
4459 1575 1565
1439 1400 1474
2348 1216 1654
2131 1255 1551
2390 1503 1871
227 1562 1515
4178 1333 1545
750 1306 1480
808 1593 1799
1957 1358 1750
526 1638 1708
6083 1380 1486
4264 1399 1486
6069 1505 1852
4766 1428 1506
3346 1599 1628
487 1588 1587
1389 1362 1492
2042 1009 1735
5823 1505 1875
12 1342 1585
2682 1381 1592
4362 1359 1492
1606 1400 1484
5322 1665 1665
215 1372 1471
985 1351 1608
3105 1576 1633
5934 1504 1734
1105 1481 1502
5179 1382 1468
3669 1508 1510
3002 1025 1594
1066 1520 1736
5171 1340 1458
3413 1518 1740
138 1273 1506
3595 1330 1545
4096 1634 1716
6014 1378 1577
835 1353 1725
3604 1131 1533
1156 1504 1738
5553 1457 1495
5093 1360 1501
1331 1438 1759
3754 1356 1464
3341 1497 1513
2766 1655 1701
3060 1533 1827
2479 1355 1455
3828 1433 1751
303 1549 1823
2402 1415 1769
3861 1622 1724
2832 1577 1576
4918 1361 1465
5251 1661 1645
5465 1604 1794
3123 1591 1570
2880 1335 1481
289 1427 1501
4834 1619 1730
1825 1329 1456
2315 1495 1859
394 1582 1543
2408 974 1605
945 1014 1574
2702 1534 1742
3386 1621 1736
2282 1579 1586
1007 1567 1525
4328 1625 1713
3858 1584 1542
470 1613 1632
1451 963 1634
2204 1510 1859
73 1259 1595
2920 1579 1632
3648 1249 1534
5633 1059 1521
2678 1591 1568
1966 1043 1582
1599 1389 1611
4120 1633 1713
5937 1312 1474
1990 1218 1671
5644 1240 1611
628 1586 1571
1727 1349 1506
5267 1272 1615
5769 1322 1479
2196 1611 1627
3499 1230 1604
4552 1583 1556
6003 1520 1742
5836 1433 1504
4262 1032 1594
1878 1380 1597
897 997 1579
5721 1487 1506
3593 1619 1641
5343 1638 1702
2670 1622 1717
3998 1627 1769
5240 1468 1505
4805 1376 1462
5232 1385 1476
1203 1234 1636
4190 1335 1491
2481 1050 1550
6089 1348 1464
1561 1010 1573
508 1578 1539
1024 1288 1625
817 1594 1574
3708 1411 1492
3150 1541 1759
1112 1524 1496
2697 1402 1485
566 1387 1617
2188 1346 1482
3094 1438 1757
6152 1237 1607
548 1473 1507
1794 1652 1702
3480 1656 1648
83 1578 1565
912 1041 1584
3825 1313 1486
5376 1260 1549
639 1453 1766
2672 1508 1868
4575 1338 1541
5639 1375 1457
3859 1413 1776
3508 1532 1498
3651 1582 1542
5102 1368 1478
5953 1281 1611
789 1594 1805
4672 1578 1532
2275 1436 1497
4206 1639 1638
3172 1639 1699
5714 1376 1489
3421 1027 1515
5803 1200 1567
1925 1355 1499
5507 1523 1501
5719 992 1582
4341 1431 1788
4752 1558 1826
5741 1356 1499
3383 1569 1521
2716 1364 1507
1161 1530 1497
1504 1028 1589
4977 1644 1698
4824 1285 1497
1416 1149 1555
1530 1360 1502
6077 1012 1537
4957 1585 1805
1815 1603 1796
2152 1370 1598
2971 1383 1609
5984 1321 1536
5715 1581 1603
2624 1358 1765
2383 1338 1506
4136 1599 1621
1934 1571 1530
2098 1587 1587
3808 1589 1585
6224 1583 1580
1426 1378 1575
108 1353 1535
5248 1590 1804
2325 1264 1607
5370 1519 1502
3514 1422 1507
5494 1618 1729
4066 1349 1474
5873 1381 1483
4712 1667 1647
2217 1383 1796
1455 1510 1515
3803 1514 1874
4874 1488 1742
4802 1375 1477
2614 1652 1701
2827 1376 1469
1753 1595 1569
3938 1338 1486
6040 1345 1467
3423 1670 1653
5190 1352 1592
4457 1128 1531
3573 1487 1510
167 1671 1675
1263 1369 1461
3646 1132 1529
2219 1041 1595
2845 1502 1858
2022 1381 1616
6141 1574 1564
2172 1262 1521
369 1538 1502
4818 1534 1503
3955 1503 1865
1409 1345 1503
1788 1353 1527
3174 1592 1573
5432 1211 1598
2359 1419 1750
5830 1492 1741
3942 1636 1703
450 1347 1600
4099 1365 1486
2745 1399 1480
5692 983 1590
3511 966 1676
5425 1427 1779
5725 1383 1478
3755 1279 1490
2060 1271 1498
3649 1526 1742
2400 1332 1539
3031 1250 1568
2255 1561 1522
4319 1355 1511
6049 1365 1605
2651 1336 1478
472 1352 1617
878 1312 1533
1810 1359 1496
3254 1393 1469
1542 1354 1492
3686 1350 1476
4612 1333 1490
349 1358 1519
1829 1440 1746
5829 1555 1514
2403 1489 1741
4563 1366 1599
4553 1447 1507
1118 1273 1618
3027 1414 1485
4962 1624 1637
5962 1623 1637
3597 1570 1539
3954 1502 1854
799 1346 1484
1329 1616 1637
4482 1351 1487
5585 1663 1682
2239 1410 1485
2495 1440 1507
3342 1263 1516
2830 1654 1687
395 1500 1737
5455 1560 1524
5887 1381 1587
1401 1435 1756
1846 1376 1480
5292 1343 1709
184 1357 1467
321 1380 1592
2569 1355 1486
2263 1365 1470
4669 1582 1606
2657 1588 1801
3737 1352 1469
2683 1597 1628
4260 1487 1740
4634 1648 1700
2440 1354 1600
1560 1622 1769
4604 1378 1477
2589 1631 1707
3580 1384 1615
567 1646 1694
4610 1314 1498
4241 1257 1559
6139 1446 1737
1202 1147 1533
4516 1578 1535
999 1438 1510
1130 1508 1511
2335 1413 1752
3202 1524 1501
3414 1249 1525
1621 1560 1824
1427 1287 1684
2794 1544 1510
4518 1285 1699
2740 1583 1594
5591 1634 1713
549 1301 1485
3038 1343 1514
1358 1667 1652
271 1625 1768
2972 1381 1485
1454 1349 1590
3589 1568 1534
8 1355 1595
4837 1578 1552
29 1354 1574
1463 1627 1717
1570 1380 1598
2256 1364 1714
5011 1331 1722
3700 1588 1577
3667 1241 1638
4674 1336 1529
1638 1202 1573
4299 1368 1459
4075 1625 1641
1551 1642 1708
5115 1389 1480
272 1434 1751
4399 1255 1681
4412 1444 1783
2363 1376 1464
502 1533 1504
2313 1362 1470
4284 1583 1599
2727 1566 1532
3571 1022 1516
1411 1623 1770
4378 1582 1555
5722 1365 1477
1151 1332 1476
1961 1391 1472
616 1582 1595
5348 1581 1566
1962 1422 1763
4729 1419 1751
497 1669 1665
1040 1343 1545
5877 1251 1535
1988 1367 1709
5619 1577 1578
4593 1621 1777
3904 1580 1814
4430 1574 1628
624 1638 1645
5431 1576 1615
3501 1547 1509
3914 1570 1530
4639 1569 1817
3876 1062 1527
3321 1650 1690
4141 1368 1588
212 1331 1520
865 1280 1687
4447 1516 1735
5377 1531 1823
107 1380 1485
4150 1431 1764
5161 1350 1603
5140 1371 1577
4656 1517 1499
627 1665 1646
2046 960 1668
3728 1613 1755
2804 1320 1535
4027 1349 1585
1399 1440 1770
786 1338 1537
1342 1625 1773
1289 1355 1474
932 1392 1479
4403 1487 1882
4526 1332 1458
1206 1553 1508
3223 1351 1530
995 1528 1507
674 1257 1553
4162 1496 1509
531 1413 1487
322 1494 1513
2802 1658 1696
4201 1494 1515
716 1365 1464
3839 1317 1489
772 1025 1584
4414 1361 1609
4442 1432 1773
4963 1623 1629
2470 1357 1607
6188 1279 1493
4895 1577 1557
3424 962 1671
3246 1624 1724
958 1327 1525
1250 1472 1509
2860 1277 1623
3072 1668 1657
2150 1524 1499
6071 1327 1489
4510 1345 1490
2291 1450 1744
1840 1593 1806
5693 1300 1652
5213 1311 1656
3599 1659 1690
4648 1349 1482
203 1557 1521
2632 1006 1582
3470 1378 1599
5883 1652 1688
2008 1583 1579
5162 1671 1683
4786 1372 1457
1266 1268 1612
2290 1349 1721
2636 1649 1640
1826 1343 1463
430 1343 1493
3844 1366 1601
1275 1411 1484
1231 1038 1588
4821 1670 1665
2505 1558 1508
4400 1576 1573
5083 1282 1616
5474 1410 1793
285 969 1614
3488 1507 1514
3531 1319 1482
670 1619 1735
6044 1437 1796
81 1603 1621
1166 1512 1874
2154 1460 1495
2599 1611 1637
4086 1441 1735
125 1480 1506
4958 1406 1788
2706 1646 1703
3564 1486 1512
5 1254 1523
3632 1328 1486
4499 1667 1679
4068 1664 1687
540 1260 1679
149 1632 1716
291 1426 1749
1699 1578 1605
3572 1261 1621
4804 978 1699
1381 1412 1482
1898 1443 1787
5812 1317 1502
1997 995 1595
2552 1513 1511
3871 1340 1493
4273 1356 1609
5234 1357 1578
3096 1648 1698
1087 1576 1534
1816 1359 1722
1364 1616 1735
695 1313 1494
231 1405 1787
254 1666 1648
4647 1395 1479
2165 1469 1502
6073 1391 1479
3062 1356 1490
791 1408 1491
5663 1655 1641
3211 1499 1515
6164 1380 1462
4857 1076 1528
5158 1636 1716
4617 1661 1649
158 1576 1532
3299 1670 1680
1951 1648 1639
2366 1247 1607
1122 1645 1696
3399 1521 1735
2511 1614 1638
2738 1654 1644
4777 1521 1499
3227 1638 1701
1320 1618 1783
3304 1360 1574
5509 1360 1478
1787 1326 1513
5640 1462 1495
3018 1537 1828
989 1353 1471
4871 1610 1627
4176 1338 1531
5135 1650 1647
4188 1163 1562
1395 957 1642
3143 1505 1740
404 1006 1589
927 1373 1607
6230 1557 1820
2798 1630 1723
5606 1368 1610
3300 982 1589
4572 1372 1488
3195 1537 1827
923 1414 1762
2300 1401 1490
645 1584 1594
4535 1547 1814
5423 1589 1574
122 1338 1480
191 1332 1505
4213 1344 1514
134 1268 1622
500 1553 1782
3935 1663 1685
1836 1370 1456
3460 1268 1683
208 1482 1873
4226 1574 1607
2703 1544 1762
4023 1341 1705
2024 1336 1726
917 1584 1548
1242 1381 1614
4549 1341 1458
5189 1284 1486
5045 1433 1503
3239 1336 1513
2043 1339 1460
3451 1332 1510
1470 1344 1511
768 1404 1481
4581 1580 1608
2439 1394 1472
4640 1624 1734
3568 1512 1741
5325 1382 1583
1548 1425 1503
3626 1326 1493
4268 1466 1756
1677 1522 1499
3598 1543 1760
1766 1248 1633
5442 1406 1477
2785 1343 1454
2139 1330 1527
4183 1347 1622
4037 1577 1815
2652 1254 1554
4479 1347 1482
3561 1578 1637
1011 1274 1614
5625 1374 1598
584 1367 1454
2191 1264 1591
4564 1388 1484
3322 1578 1597
920 1651 1694
2892 1313 1497
2199 1353 1517
5111 1335 1456
3279 1506 1738
832 1406 1484
2808 1619 1635
5358 1491 1509
4171 1215 1650
3438 1357 1723
4285 1664 1689
1062 1538 1823
3502 1616 1753
5464 1474 1746
2840 1427 1774
1768 1340 1479
4230 1571 1539
2405 1459 1497
4312 1388 1466
4101 1395 1471
175 1492 1508
1514 1368 1579
2924 1647 1641
3217 1309 1496
1636 1386 1474
966 1208 1568
2819 1068 1528
4606 1621 1640
5299 1328 1508
5681 1616 1635
810 1347 1541
1285 1562 1527
2399 1385 1475
4031 1621 1748
5357 1657 1629
2387 1468 1762
3051 982 1568
4788 1449 1820
853 1479 1761
1977 1533 1831
1170 1175 1554
2184 1596 1806
3602 1626 1736
991 1558 1507
1391 1461 1889
2986 1402 1826
4608 1161 1545
4209 1389 1463
3128 1436 1838
571 1633 1769
34 1191 1559
1019 1447 1486
4630 1462 1492
3149 1620 1759
2536 1667 1634
2539 1452 1485
263 1468 1863
5610 1567 1507
2375 1578 1820
511 1546 1789
2714 1625 1741
4947 1659 1635
3807 1463 1864
5733 1570 1825
1704 1591 1590
4346 1451 1790
1344 1676 1680
182 1474 1493
3972 1498 1888
6009 1430 1891
5015 1448 1805
1150 1450 1830
3220 1148 1531
4771 1680 1666
475 1688 1655
6065 1114 1530
5544 1605 1578
1682 1614 1759
3569 1584 1632
5986 1483 1759
2036 1429 1492
270 1588 1530
1595 1490 1844
4234 1583 1819
2976 1573 1506
781 1047 1511
2784 1602 1556
4471 1258 1670
924 1633 1725
1396 1630 1627
795 1256 1503
330 1587 1811
2013 1269 1633
2132 1442 1836
3620 1451 1789
5281 1545 1840
2828 1459 1836
3787 1434 1496
3682 970 1711
3679 1466 1487
2545 1421 1829
2520 986 1568
3721 972 1589
368 1674 1653
5422 1549 1837
744 1594 1546
505 1421 1821
4394 1657 1705
5919 1505 1831
1014 1532 1845
4046 1671 1647
5794 1600 1562
973 1600 1560
5154 1479 1809
2691 1475 1827
442 1248 1514
145 1628 1732
6093 1614 1613
6159 1443 1876
1473 1598 1547
1212 1403 1473
1918 1309 1763
5558 1572 1511
3905 1438 1883
949 1616 1758
3730 1577 1826
621 1635 1622
5060 1615 1758
1 1616 1757
1217 1512 1745
2811 1289 1712
3688 1683 1663
5787 1669 1638
633 1506 1754
1233 1540 1773
4676 1528 1850
89 1601 1575
3245 1137 1526
4300 1610 1615
1035 1598 1585
2322 1474 1856
5270 1585 1623
3056 1550 1498
6166 1673 1698
1585 1601 1587
5645 1421 1875
650 1605 1561
5846 1507 1823
473 1538 1493
213 1625 1752
2571 1564 1510
1031 1545 1784
3066 1594 1554
1432 1424 1869
5708 1511 1746
4801 1598 1570
153 1566 1824
4909 1588 1814
2849 1592 1604
1117 1440 1834
5897 1256 1508
2061 1470 1490
3610 1258 1700
308 1616 1764
452 1424 1842
4546 1467 1766
3118 1594 1549
1200 1433 1487
2645 1267 1630
148 1394 1467
262 1603 1590
3526 1666 1635
518 1578 1518
2591 1679 1646
693 1442 1490
4533 1552 1842
6171 1551 1502
3615 1481 1809
3126 1405 1463
4391 1417 1850
1417 1572 1506
4196 1288 1735
3833 1493 1849
612 1061 1512
5133 1553 1493
3284 1295 1731
4494 1116 1530
952 1231 1593
773 1591 1592
4953 1460 1490
4862 1442 1886
2534 1614 1791
3698 1526 1754
5975 1440 1813
474 1474 1806
565 1252 1712
4222 1091 1530
6144 1615 1618
1013 1549 1493
986 1645 1625
4369 1571 1824
6219 1544 1491
2732 1488 1493
3298 1684 1665
703 1474 1852
826 1659 1630
2595 1531 1489
886 1457 1854
4102 1514 1511
2397 1468 1851
252 1567 1832
2369 1224 1579
5243 1679 1660
5203 1461 1780
2066 1595 1557
3463 1591 1627
2326 1460 1790
4792 1515 1837
4432 1591 1587
4322 1619 1755
4707 1047 1517
5231 1323 1472
2050 1463 1838
4232 1567 1515
1730 1560 1503
2565 1234 1570
1600 1618 1757
3699 1527 1845
1095 1631 1729
2393 1021 1511
5881 1389 1459
824 1609 1617
4392 1679 1692
2543 1127 1526
1359 1669 1634
2254 1561 1494
4705 1279 1697
5001 1683 1664
2169 1513 1504
1821 1523 1831
1575 1498 1798
3127 1613 1611
141 1422 1820
2888 1543 1798
5827 956 1660
1010 1639 1719
4506 1542 1499
2108 1389 1464
4851 1290 1671
2990 1280 1641
1587 1450 1488
5309 1470 1488
5250 1422 1482
3323 1494 1818
4380 1613 1620
2962 1482 1849
2649 1641 1726
1376 1522 1764
2296 1237 1586
4045 1552 1838
5476 1603 1589
2510 1010 1556
1811 1278 1715
4782 1590 1620
1569 1552 1834
4746 1475 1815
5932 1515 1827
1973 1319 1473
811 1411 1810
1038 1587 1529
724 1607 1616
5496 1582 1628
4065 1147 1531
2213 1587 1539
992 1559 1500
5654 1531 1768
3557 1242 1561
5289 1002 1525
4799 1419 1841
3516 1687 1655
5469 1597 1567
427 1102 1534
1519 948 1623
5922 1589 1607
2003 1486 1748
4748 1462 1807
5514 1677 1652
4596 1026 1579
5542 1534 1803
1489 1565 1506
5034 1598 1555
373 1577 1822
267 1672 1651
235 1029 1567
3766 1682 1678
813 1654 1637
426 1267 1490
2168 1675 1669
3549 1600 1586
2937 1251 1662
5611 1529 1844
4016 1596 1562
3767 1416 1849
1721 1542 1497
6179 1569 1826
4441 1277 1698
5581 1237 1572
4195 1463 1488
5224 1607 1614
3481 1573 1523
3991 1547 1498
1911 1484 1804
2081 1462 1875
1667 1529 1839
2345 1538 1492
4605 1468 1493
1626 1604 1556
4489 1625 1616
5772 1650 1716
4832 989 1541
573 1279 1661
5089 1210 1576
72 1469 1879
2580 1180 1553
3375 1670 1689
2441 1476 1757
277 1542 1839
2083 1561 1501
2631 1589 1550
4571 1248 1585
4607 1620 1621
2801 1630 1731
4419 1627 1744
3716 1535 1492
1120 1425 1483
2332 1207 1579
5999 1533 1769
172 1478 1497
3953 1589 1606
4239 1515 1502
2211 1595 1608
2537 1532 1841
3694 1657 1635
1408 1396 1812
5211 1440 1492
179 1659 1709
4408 1654 1635
1410 1589 1558
4565 1348 1778
4773 1141 1527
946 1263 1502
5280 1263 1494
432 1653 1709
5723 1531 1495
5963 1537 1772
560 1621 1747
5112 1408 1888
3627 1607 1563
5547 1619 1758
4032 1404 1856
5870 1461 1488
1398 1585 1608
5253 1463 1831
5013 1669 1702
2347 1401 1469
3473 1522 1757
5072 1473 1490
1672 1454 1493
950 1391 1462
3794 1654 1636
715 1528 1772
4930 1400 1806
1765 1561 1500
1643 1470 1830
1922 1500 1807
82 1026 1500
3048 1665 1640
1823 1261 1498
1081 1389 1455
720 1591 1598
5242 1636 1625
257 1553 1829
2448 1468 1771
5255 1669 1637
1913 1479 1815
2018 1472 1818
1757 1618 1787
260 1510 1801
292 1604 1584
2445 1509 1798
65 1591 1808
1559 1451 1488
1167 1679 1684
436 1536 1832
921 1674 1654
1003 1493 1754
5134 1458 1890
4433 1609 1618
2715 1472 1855
4566 1528 1771
3949 1598 1583
3921 1315 1746
1351 1515 1506
3445 1442 1855
237 1684 1648
3862 1517 1832
1634 1412 1808
5735 1406 1813
3874 1328 1461
2898 1280 1635
4722 1484 1493
351 1422 1494
1579 1431 1908
3960 1491 1850
882 1576 1512
2324 1429 1878
1378 1035 1498
2681 999 1554
4117 1281 1656
3069 955 1660
6126 1456 1493
3847 1581 1525
5347 1448 1816
3661 1589 1612
1952 1431 1852
1521 1531 1490
6236 1555 1503
5099 1056 1508
762 1437 1813
4294 1235 1663
873 1468 1859
1642 1465 1845
1229 1649 1710
5142 1414 1470
4570 1475 1490
846 1457 1492
298 1591 1813
348 1645 1630
5005 1460 1846
5806 1584 1628
6120 1580 1530
365 1524 1830
3388 1585 1604
5990 1154 1536
2311 1658 1702
4434 1442 1830
120 1234 1561
6193 1524 1840
3091 1433 1492
5629 1285 1658
2423 1680 1647
2480 1605 1581
4449 1496 1813
2721 1512 1505
5959 1163 1540
5401 1456 1874
3261 1514 1759
503 1287 1637
2882 1652 1716
6123 1582 1624
5765 1242 1545
4791 1311 1731
147 1548 1830
3170 1534 1497
1799 1660 1632
6231 1673 1653
2751 1266 1496
4286 1282 1646
5106 1363 1795
3070 1607 1577
4798 1443 1858
1093 1528 1843
3854 1564 1503
2586 1516 1827
1154 1569 1511
620 1036 1501
6029 1325 1773
3219 1536 1847
3293 1558 1494
4112 1072 1509
2933 1584 1818
3725 1534 1849
293 1608 1614
5052 1612 1610
2638 974 1590
748 1590 1533
3456 1042 1497
1162 1638 1723
1804 1664 1704
586 1434 1845
4266 1668 1635
4925 1682 1650
3796 1007 1560
5023 1463 1848
1030 1454 1780
6168 1574 1511
5027 1675 1675
5696 1664 1639
3131 1395 1454
1984 1592 1537
4845 1234 1588
1775 1557 1494
617 1564 1509
5447 1276 1670
3652 1538 1499
3050 1092 1530
1123 1483 1498
5186 1560 1495
5164 1422 1484
730 1536 1772
5712 1469 1865
5062 1446 1852
94 1529 1489
4410 1675 1642
5649 973 1592
1354 1537 1837
1356 1188 1559
2049 1271 1492
3892 1602 1593
1780 1601 1565
841 1452 1486
152 1677 1673
4587 1605 1584
5017 950 1628
4843 1665 1701
4819 1563 1503
5888 1433 1490
5760 1472 1871
667 1222 1567
3674 962 1590
3678 968 1585
829 1628 1773
2411 1542 1492
5202 1557 1504
664 1588 1604
5033 1474 1755
415 1624 1624
546 1603 1565
3842 1596 1597
1178 1614 1765
4054 1410 1880
4021 1573 1509
4484 1479 1861
414 1493 1504
3797 1445 1868
4853 1684 1675
2506 1243 1556
2333 1461 1487
6202 1605 1615
2068 1519 1751
5666 1511 1840
5454 1239 1668
5206 1380 1810
4949 1648 1629
5470 1535 1841
5264 1461 1804
4592 1459 1843
2299 1571 1514
948 1587 1604
5285 1501 1746
2522 1554 1503
5954 1409 1836
3835 1678 1671
2889 1678 1678
4025 1491 1497
4240 1601 1596
1126 1680 1689
827 1605 1560
4838 1591 1555
1039 1543 1499
3806 1642 1624
1291 1454 1842
3358 1245 1581
4662 1596 1555
4121 1494 1500
183 1647 1721
998 1509 1506
6048 1448 1810
355 1408 1465
3813 1593 1590
1082 1507 1504
5288 1388 1465
5996 1549 1495
4316 1420 1482
5321 1139 1520
5813 1468 1835
1697 958 1604
1437 1327 1472
5706 1611 1610
5931 1629 1768
6245 1427 1481
154 1515 1838
2053 1402 1829
3809 1453 1826
3696 1645 1634
4631 1673 1650
849 1631 1769
1662 1637 1725
3054 1541 1834
5487 1254 1692
706 1239 1581
5500 1678 1674
3601 1104 1528
1370 1646 1631
4478 1628 1626
1835 1647 1626
5634 1557 1501
4313 1676 1678
1205 951 1645
2728 1565 1512
5400 1523 1765
6210 1680 1665
3717 1480 1810
5993 1261 1637
5911 1491 1839
5239 1472 1802
4716 1529 1493
974 1570 1513
3238 1562 1495
5181 1269 1723
568 1589 1561
4706 1669 1642
646 1576 1820
5647 1609 1620
1055 1658 1632
3616 1323 1470
4165 1087 1519
4128 1601 1571
1456 1451 1797
1419 1330 1729
2126 1216 1561
4396 1465 1779
4153 1618 1759
1709 1597 1566
5156 1399 1456
3608 1540 1771
559 1586 1614
1715 1435 1806
1716 1588 1556
4955 1531 1841
752 1633 1731
654 1673 1692
342 1381 1832
2070 1465 1492
2556 1633 1727
1461 1427 1799
3138 1485 1815
5341 1398 1467
1234 1450 1788
3745 1663 1699
4641 1677 1689
1936 1400 1466
844 1584 1537
74 1478 1818
4043 1635 1718
4426 1545 1787
433 1599 1805
4375 1463 1785
5991 1476 1871
2272 1459 1867
5360 1524 1490
1182 995 1574
4083 1439 1811
5843 1681 1662
3778 992 1565
2684 1611 1613
1443 1520 1494
4160 1457 1823
39 1492 1810
5411 1618 1614
1077 1594 1550
5059 1513 1756
4383 1429 1887
5552 1598 1809
3462 1434 1886
4355 965 1690
1954 1685 1671
2863 1220 1589
5410 1595 1813
5539 1240 1589
6151 1488 1847
2197 1612 1793
4975 1277 1661
4982 1023 1506
4372 1426 1900
3173 1643 1626
5175 1195 1564
5680 1684 1680
5086 1591 1811
3614 1463 1869
304 1480 1833
4960 1465 1876
1363 1108 1527
448 1583 1607
1748 1591 1560
5992 1563 1506
493 1584 1612
3761 1589 1609
1927 1622 1756
2153 1682 1661
2756 1440 1825
2583 1501 1747
692 1489 1850
2941 1464 1867
2269 978 1569
4287 1005 1528
1098 1466 1492
1890 1580 1822
2460 1440 1494
5459 1420 1478
4719 1678 1673
5012 1384 1802
1526 1531 1492
3738 1493 1844
2711 1666 1636
2923 1498 1816
2626 1599 1568
3719 1681 1657
2977 1615 1612
5746 1270 1494
2143 1670 1698
1731 1446 1835
2904 1595 1599
1402 1468 1761
2521 1456 1489
1115 1449 1888
6082 1457 1778
2136 1646 1625
593 1586 1616
2486 1534 1496
2001 1589 1625
5951 1436 1870
3429 1156 1527
5817 1674 1677
5837 1259 1695
591 1633 1732
3970 1574 1512
2198 1667 1638
4562 1490 1747
3206 1573 1512
4578 1494 1806
5019 1521 1844
1929 1585 1600
1843 1598 1581
1258 1675 1694
84 1679 1687
3908 1443 1817
4187 1423 1487
3278 1591 1537
504 1533 1764
438 1602 1803
4042 1598 1554
2182 1601 1590
3705 1490 1745
185 1596 1812
4813 1432 1842
3529 1583 1821
5404 1595 1545
5968 1590 1596
4643 1574 1515
4585 1599 1586
3780 1682 1659
5646 1608 1797
4761 1461 1805
1027 1521 1765
4772 1447 1809
3500 1491 1502
3585 1571 1507
2936 1267 1634
2469 1516 1832
389 1558 1501
5679 1252 1633
225 1464 1804
2810 1452 1868
3710 1464 1489
2052 988 1543
4103 1475 1868
3528 1428 1910
2464 1520 1492
5821 1586 1535
770 1586 1529
5682 1516 1800
5149 1422 1488
5277 1505 1504
4379 1558 1828
5637 1480 1491
5041 1451 1487
4614 1555 1498
3303 1266 1489
4060 1584 1813
4177 1317 1743
2483 1014 1514
2813 1626 1740
2175 1590 1591
3308 1238 1526
2316 1174 1556
1785 1453 1782
2412 1156 1533
583 1681 1671
557 1411 1807
2388 1674 1689
1070 1423 1496
4976 1634 1628
4334 1404 1844
3008 1536 1834
3915 1652 1629
3628 1479 1825
754 1465 1879
6220 1681 1672
6208 1587 1550
4109 1622 1747
4994 1479 1818
3894 1636 1729
3305 1521 1832
5627 1429 1491
4620 1476 1498
5188 1599 1600
4820 1420 1893
3827 1641 1720
3253 1684 1655
496 1621 1745
1172 1437 1863
4118 1414 1473
3392 1519 1848
3928 1583 1621
1018 1500 1842
4013 1048 1520
1246 1237 1579
2792 1431 1487
5393 1510 1832
2796 1639 1630
1153 1275 1635
3205 1462 1823
5413 1667 1633
3743 1607 1564
3988 1575 1508
4665 1472 1767
5970 1573 1501
6011 1649 1732
5761 1628 1597
4776 1355 1809
2125 1682 1698
2839 1632 1608
190 1468 1485
4733 1305 1475
4582 1457 1481
422 1483 1761
4259 1144 1516
4543 1690 1679
890 1245 1506
5690 1440 1475
3742 1650 1723
4067 1635 1746
3978 937 1601
2578 1607 1601
2806 1012 1511
1365 1694 1641
3093 1613 1596
1332 1641 1609
1702 1692 1657
87 1622 1762
3255 1380 1870
5906 1462 1484
6239 1398 1448
1029 1692 1681
3857 1217 1552
3641 1681 1703
4621 975 1543
6054 1451 1901
1091 1502 1493
1020 1430 1472
4697 1587 1517
5860 1412 1458
2978 1467 1789
4091 1616 1604
2938 1660 1622
2859 1147 1512
4986 1619 1581
1947 1484 1764
5854 1522 1862
1469 1508 1767
3361 1394 1892
698 1509 1758
5339 1331 1453
4056 1697 1676
5795 1573 1495
972 1477 1894
2428 1359 1444
4967 1254 1494
3270 1473 1895
5802 1525 1483
140 1679 1640
5070 1529 1485
4468 1300 1472
5148 1567 1496
4660 1458 1481
1912 1635 1611
2075 1505 1493
2758 1699 1677
2122 1676 1703
5929 995 1523
3877 1276 1479
2744 977 1554
1049 1530 1860
3490 1599 1604
5183 935 1623
1797 1669 1623
5779 1625 1604
4922 1568 1490
3718 1671 1625
899 1642 1618
4891 1610 1807
193 1591 1530
1802 1602 1536
144 1600 1618
5863 1492 1494
3841 1610 1591
3033 1119 1526
4858 1478 1488
5709 1603 1809
5525 1453 1477
3452 1438 1480
975 1687 1637
828 1666 1621
174 1358 1441
3582 1385 1849
2319 1660 1629
3980 1582 1495
1360 1481 1788
845 1612 1604
3897 1691 1662
4073 1481 1486
2476 1089 1509
491 1523 1486
4041 1688 1691
4695 1656 1718
2115 1628 1595
2422 1688 1679
1385 1402 1443
1527 1632 1616
5788 1645 1740
5215 1691 1678
4717 1686 1659
361 1615 1584
197 1627 1759
4277 1630 1617
5118 1621 1576
5434 1060 1501
1425 1303 1476
5566 1472 1779
5369 1579 1829
1762 1654 1718
1576 1655 1624
4789 1527 1778
5671 1650 1624
486 1535 1862
2707 1646 1611
306 1401 1452
3 1669 1631
4580 1399 1889
1781 1698 1683
1949 1642 1749
6128 1495 1489
5580 1615 1580
1904 1363 1450
1689 1666 1630
249 1644 1612
2619 1686 1660
3116 1278 1479
4912 1581 1517
3256 1198 1552
4092 1668 1627
2909 1579 1512
4456 1691 1652
5187 1613 1561
510 1608 1809
2208 1365 1451
5923 1694 1665
1383 1591 1525
2809 1379 1844
1986 1661 1621
5995 1658 1622
4683 1679 1627
4704 1614 1562
3007 1184 1540
3420 1469 1486
2186 1487 1490
2743 1377 1449
1568 1604 1534
2034 1667 1714
2891 1538 1792
3145 1604 1613
1260 1440 1472
3775 963 1712
4421 1671 1624
700 1407 1450
5942 1617 1576
960 1612 1577
5254 1618 1582
3740 1551 1846
4438 1223 1539
1418 1479 1483
3089 1594 1530
4384 1338 1445
2731 1619 1563
3647 1690 1667
268 1296 1477
6194 1641 1622
2568 1023 1501
3836 1599 1613
4915 1632 1610
131 1577 1500
2310 1633 1772
2148 1516 1481
822 1645 1741
4749 1500 1487
5530 1485 1490
3712 1677 1700
2846 1483 1482
2735 1504 1769
4611 1558 1487
3594 1596 1538
5867 1516 1773
1719 1400 1896
6155 1428 1475
1067 1514 1496
3723 1644 1730
4907 1150 1514
1653 1627 1782
554 1463 1484
105 1612 1561
556 1611 1590
5819 1517 1810
1193 1695 1676
743 1231 1542
5847 1664 1715
3347 1382 1824
4307 1437 1474
5043 1607 1549
2380 1422 1479
1097 1463 1478
861 1407 1460
5950 1502 1764
421 1601 1817
3373 1626 1758
2285 1354 1441
4827 936 1580
5941 968 1544
314 1520 1855
717 1298 1479
4359 1451 1481
5332 1624 1610
4514 947 1672
6098 1534 1486
3099 1615 1597
2344 1694 1669
4568 1619 1793
4609 1601 1544
5405 1354 1447
3703 1695 1667
35 994 1525
5354 1168 1531
1852 1512 1497
4306 1631 1604
3773 1577 1489
5771 1637 1619
4480 1590 1819
4574 1442 1904
5169 1616 1800
4142 1433 1472
736 1545 1485
587 1494 1764
4780 1700 1678
797 1641 1617
2890 1615 1603
3587 1582 1826
1507 1685 1689
2250 1608 1605
2307 1551 1485
6016 1481 1777
5438 1520 1778
541 1346 1443
408 1576 1498
1247 1686 1700
1978 1345 1450
918 1538 1484
767 1505 1497
469 927 1607
1563 1398 1893
5905 993 1525
2708 1285 1760
5600 1585 1822
4554 931 1634
5014 1519 1484
2089 1429 1473
343 1700 1673
5774 1371 1452
659 981 1549
4730 950 1567
1554 1543 1483
1224 1207 1550
5880 1633 1605
5373 1575 1489
3993 1595 1615
5397 1602 1601
4144 1482 1767
4305 1626 1596
2223 1424 1474
1116 1539 1484
2117 1477 1481
5786 1558 1851
2384 996 1525
1502 1258 1497
206 1006 1511
4147 1527 1483
1377 1586 1505
872 1687 1681
61 1544 1795
2579 1515 1497
4721 1405 1459
5392 1354 1450
911 1531 1787
2382 1535 1860
1763 1494 1759
733 1580 1511
5226 1651 1623
888 1542 1869
2570 1689 1686
3371 1370 1445
971 1519 1819
3638 1597 1619
1132 1474 1485
1076 1642 1736
362 1556 1483
990 1574 1833
1259 1536 1485
5971 1684 1701
4113 1099 1516
4204 1402 1449
3085 1360 1807
5308 1636 1604
2761 1421 1469
6156 1587 1521
4527 1551 1856
5381 1657 1626
3476 1154 1520
2487 1600 1816
3933 1637 1739
2076 1578 1509
326 1590 1530
1509 1430 1470
2218 1596 1617
2023 1693 1664
5055 1580 1495
2297 1687 1641
3818 1621 1787
1833 1414 1467
1506 1585 1508
2478 1397 1452
5402 1359 1440
2063 1512 1771
590 1454 1906
509 1379 1867
3966 1222 1554
1428 1530 1793
3457 1023 1499
3505 1681 1641
3566 1662 1630
5090 1607 1590
4149 1516 1776
2232 1577 1508
4521 1430 1477
5704 1486 1894
339 1625 1601
3251 1486 1777
4080 1382 1884
381 1687 1699
1012 1412 1452
1960 1272 1481
6147 1300 1471
2942 1607 1611
5406 1505 1490
3412 1594 1528
1680 1592 1826
2660 1671 1628
5801 1369 1807
5651 1409 1453
2886 1596 1533
3496 1610 1585
6255 1447 1473
3977 1200 1550
2082 1693 1674
5642 997 1735
2488 1690 1642
4140 1498 1772
951 1464 1793
5513 1688 1698
5071 1284 1477
2459 1366 1815
384 1565 1487
5192 1450 1481
3316 1341 1448
5595 1691 1640
1072 1686 1648
3368 1542 1489
6012 1693 1652
2554 1633 1745
1903 1518 1788
2466 1550 1485
2472 1625 1596
1191 1673 1634
299 1419 1468
5128 963 1561
6122 1449 1474
358 1219 1549
5842 1584 1515
2834 1243 1508
1152 1591 1532
4544 939 1641
3551 1478 1790
3887 1650 1618
4005 1651 1616
2763 1237 1522
2212 1625 1785
2919 1608 1551
3078 1670 1634
4797 935 1633
241 983 1562
3160 1476 1482
3562 1440 1473
1127 1476 1766
3609 1234 1532
3345 926 1600
3314 977 1559
4928 1433 1470
5079 1538 1861
5587 1590 1522
709 1018 1499
233 1620 1604
3044 1399 1447
402 1597 1615
3722 1497 1486
188 1637 1617
2 1604 1609
1921 1512 1491
37 1692 1682
1209 1477 1771
4677 1581 1514
3265 1466 1787
5150 1458 1482
4387 1603 1549
516 1546 1864
638 1491 1493
2262 1594 1534
3377 1690 1670
3899 936 1607
3676 1450 1482
1063 1575 1485
5471 1502 1492
3795 1434 1478
3709 1603 1603
4500 1671 1709
3224 1652 1625
443 1499 1490
5101 1686 1645
3430 977 1565
3097 1611 1554
5174 1671 1634
4208 1513 1811
2096 1633 1604
2099 1547 1860
307 1594 1819
4591 1235 1526
4154 1358 1451
5608 1661 1629
4657 1358 1442
3882 1676 1631
5734 1488 1483
737 1668 1630
5366 965 1562
5209 1691 1660
3465 1519 1820
1891 1458 1907
4055 1622 1609
3397 1667 1709
4081 1361 1448
4688 1471 1905
1899 1532 1783
2947 1689 1692
1932 1520 1770
807 1678 1639
4283 1414 1461
788 1051 1500
3109 1523 1818
1807 1684 1631
5326 1645 1731
1670 923 1599
2760 1676 1634
5814 1686 1685
5295 950 1683
166 1006 1509
4123 1424 1916
3873 1673 1706
5461 1604 1603
5152 1590 1521
2787 1495 1493
1346 1522 1785
3690 1155 1518
441 1480 1779
6203 1634 1602
119 1444 1471
5024 1418 1462
5683 1581 1508
4929 1546 1856
5324 1350 1443
5022 1571 1844
4767 1611 1605
4559 1029 1498
524 927 1618
4098 1467 1485
4745 1679 1632
3013 1524 1482
2432 1618 1562
444 1109 1520
3336 1609 1564
2696 1658 1617
3840 1472 1786
2409 1585 1515
3426 1607 1812
2244 1671 1710
1692 1229 1535
2824 1460 1484
928 1389 1859
2837 1341 1788
3225 1627 1757
4095 1615 1795
2289 1101 1521
1693 1599 1813
2086 1525 1774
5955 1197 1543
1478 1657 1619
3555 1264 1487
2610 1062 1500
2762 1634 1608
3584 1690 1672
5297 973 1539
2242 1648 1733
3349 1676 1626
3363 1247 1508
5427 1549 1486
5460 1500 1773
2544 1418 1463
4992 1673 1635
1053 1573 1502
5473 1004 1510
3576 1642 1739
387 1670 1624
5695 1241 1509
5486 1625 1765
968 1617 1580
1338 980 1543
1945 1568 1835
4501 1632 1743
456 1524 1778
3800 1611 1583
4702 1528 1488
1845 929 1618
340 1290 1479
6213 1406 1460
2095 1152 1516
3956 1616 1794
2354 1400 1892
837 1496 1491
1711 1604 1596
6174 1153 1514
3433 1537 1859
4475 1575 1830
3120 1473 1771
3378 1628 1614
25 1551 1489
4308 1620 1587
1222 1602 1597
802 1680 1632
3165 1230 1535
6111 1511 1779
146 1696 1688
1540 1605 1613
4235 936 1579
1210 1468 1791
555 947 1663
1651 1627 1608
1516 1371 1810
4785 1529 1858
1884 1568 1494
2950 1499 1493
729 1666 1712
5770 1371 1449
1125 1673 1624
2816 1683 1703
4670 1595 1820
935 1253 1502
4985 1379 1865
4320 1239 1519
3214 1583 1506
850 1601 1549
6253 1596 1525
943 1675 1639
2072 960 1576
980 1682 1701
5889 1470 1900
2020 1440 1474
600 1409 1464
3171 1616 1579
6105 1408 1460
683 1459 1478
2214 945 1662
4354 1234 1528
1294 1417 1464
1582 1033 1493
956 1688 1651
5084 1175 1530
1596 1498 1488
2195 1275 1484
6251 1364 1446
2676 1562 1850
2114 1298 1480
3981 1475 1481
3822 1617 1559
3924 1616 1569
4297 1646 1735
3898 1594 1537
4353 1676 1639
3285 1600 1536
996 1597 1611
2420 1428 1468
5274 1069 1507
2202 1603 1550
4200 1524 1486
2492 1695 1696
1752 1641 1765
2699 1168 1512
2987 1700 1659
4216 1549 1878
3727 1223 1524
3032 1616 1553
1393 1653 1610
1678 1295 1447
969 1704 1666
4910 1588 1834
2817 1632 1577
3053 1560 1483
779 1558 1864
5926 1392 1439
4636 1361 1435
631 1530 1475
5356 1589 1478
2252 1373 1424
5825 1168 1516
840 1417 1440
1017 1358 1432
796 872 1590
3527 1590 1498
4435 1586 1840
3591 1527 1474
2360 1593 1518
774 1298 1461
4405 1708 1679
2149 1385 1442
280 1501 1485
2582 1692 1629
5590 1255 1485
2235 1163 1511
4892 1360 1419
3259 1627 1586
316 1616 1494
494 1693 1627
5223 1370 1443
4486 1015 1494
1741 1634 1754
5221 1605 1524
3713 919 1600
4157 1560 1480
2690 1695 1627
4440 1226 1529
1722 1387 1447
5244 956 1558
3860 1253 1487
4318 1621 1590
597 919 1553
5660 1502 1483
1995 1672 1604
2002 1592 1481
1948 1530 1479
2642 1697 1635
3891 1448 1462
5822 1610 1814
2821 1612 1497
1465 1371 1443
2330 1699 1635
2836 1708 1666
5917 1712 1678
4448 1442 1461
4511 1647 1586
4836 1545 1481
904 1710 1667
4917 1332 1434
1089 1652 1608
2248 1685 1614
3264 1497 1478
3187 921 1553
483 1637 1595
4768 1525 1475
2605 1562 1475
246 1152 1505
5546 1631 1587
979 1631 1577
1976 1079 1496
5138 1644 1589
1268 1587 1484
3644 1612 1492
1879 1572 1856
1295 1708 1657
3760 1661 1725
1165 1615 1491
987 1362 1434
2453 1482 1476
4711 987 1751
2759 1164 1518
3043 1279 1457
2356 1624 1577
5538 1301 1449
5450 1507 1481
2278 1645 1591
5874 1449 1469
3790 1673 1608
2807 1559 1869
6131 1565 1854
2194 1625 1557
1462 975 1548
2450 1620 1805
3607 1635 1761
5871 1271 1459
2612 1590 1832
5157 1647 1751
4615 1367 1868
2577 1705 1682
1501 1698 1629
977 1562 1857
2113 1657 1612
3102 929 1572
563 1539 1879
4931 1693 1698
3319 1488 1903
5200 1342 1439
4194 1002 1509
214 1550 1878
3848 922 1626
644 1703 1635
889 1502 1791
5439 1658 1601
896 1611 1523
507 1102 1511
1232 1610 1502
6072 1641 1600
3995 1508 1479
4560 1623 1554
5928 1285 1452
1405 1666 1726
3967 1036 1487
2628 1508 1485
5707 1365 1437
6190 1281 1459
3985 1636 1574
3965 1248 1484
5468 1510 1782
4602 1650 1593
1963 1610 1508
1882 1089 1500
5796 1602 1528
3244 1297 1464
5107 1299 1439
4097 1317 1460
2795 1581 1477
1286 1352 1436
4793 1373 1420
243 1306 1437
820 1562 1856
5085 1673 1719
836 1301 1464
3087 1625 1584
3286 1707 1671
1865 876 1590
3879 1559 1477
3711 1498 1476
4503 1518 1794
883 1311 1454
1876 1547 1480
1375 1614 1513
2327 1660 1731
5095 1591 1496
5136 1405 1445
5948 1531 1478
2045 1248 1491
5869 1552 1879
1296 1600 1528
3990 1685 1712
3000 1486 1481
3805 1507 1484
0 1427 1460
3071 1317 1441
4261 1492 1788
3114 1102 1513
377 1690 1629
297 1679 1619
711 1510 1487
821 1478 1917
5130 1655 1610
891 1317 1461
544 1441 1468
2867 1499 1781
3621 1503 1476
4784 1601 1515
1801 1521 1476
2389 1671 1609
2079 1611 1527
5002 1524 1479
1379 1645 1748
5230 1601 1827
5866 1573 1858
6055 1601 1525
3504 1627 1583
3011 1572 1865
1705 1666 1614
578 1695 1625
5477 1614 1535
5811 1591 1485
913 1408 1443
1300 1671 1610
2341 1378 1880
942 1712 1676
3194 1391 1443
1710 1534 1473
3369 1606 1820
4402 1600 1512
1025 946 1561
1739 1311 1456
22 1327 1436
1000 1706 1673
1004 1678 1609
5210 1333 1444
1510 1299 1459
1842 1244 1494
492 1585 1492
4826 1484 1477
1394 1686 1618
5980 1704 1650
1243 875 1593
4406 1589 1507
3135 1622 1592
4076 1694 1692
868 1682 1709
6244 1046 1482
684 928 1568
5394 1488 1793
4010 1068 1488
719 1655 1736
2312 1614 1522
6232 1369 1433
4186 1320 1439
522 924 1565
224 1537 1877
192 1580 1479
3695 1586 1491
5098 1375 1424
3997 1572 1477
5767 1447 1468
5983 1607 1818
4588 1705 1667
2177 1696 1642
5056 1660 1724
399 1461 1474
1094 1284 1464
1700 1651 1738
14 1324 1435
3040 1091 1506
5717 1558 1476
3022 907 1593
54 1621 1795
2286 1542 1473
3291 1645 1593
2071 1544 1473
4333 1644 1751
3957 1678 1621
3763 1079 1498
3113 1613 1546
1476 1700 1657
1288 1565 1478
5907 1490 1479
5622 1387 1445
4288 1486 1912
50 933 1560
4466 1703 1648
2662 899 1578
2855 1697 1690
4184 1299 1452
5899 1442 1468
3765 1554 1477
3144 1558 1474
5676 1505 1484
2991 1601 1514
6200 1682 1705
4323 1681 1617
2602 1323 1446
4337 1691 1705
3235 1647 1590
5104 1375 1426
5754 1645 1750
3645 1612 1523
6045 1454 1473
1873 1524 1480
5908 1054 1494
3546 1517 1796
2151 1273 1462
6118 1687 1707
4923 1602 1827
2585 1470 1478
2171 909 1595
15 1535 1476
3212 1700 1654
3201 1641 1602
5669 1646 1589
4737 1629 1790
4063 1688 1623
3139 1614 1510
4215 1373 1438
1326 1570 1864
2865 1452 1922
1688 1709 1664
4029 1368 1440
1590 1499 1482
479 955 1544
2284 1276 1463
5526 1603 1520
1671 1364 1439
5805 920 1567
1784 1656 1726
1241 1664 1607
5840 1495 1792
1129 1500 1482
186 1632 1782
5196 1374 1446
204 1625 1572
2421 1632 1565
4667 1709 1665
2473 1569 1479
3001 1249 1490
2489 1499 1484
2803 1601 1518
2147 1413 1436
3181 1464 1472
4974 1611 1543
3542 1494 1482
5939 1382 1431
3124 1511 1794
1915 1594 1494
1390 1614 1492
4633 1623 1589
6000 1637 1584
269 1619 1807
5293 1694 1640
4904 1641 1598
6080 871 1579
5333 1633 1566
5428 1486 1479
1614 1334 1799
6033 1003 1507
1505 1627 1568
2121 1590 1483
5744 1653 1593
4000 1646 1586
85 1277 1465
2027 1316 1464
6234 1693 1626
1253 917 1578
4769 1386 1432
3075 1549 1475
1340 1626 1792
5594 1640 1585
755 1427 1465
4842 1662 1617
4256 1570 1853
2689 1355 1834
5677 1697 1657
5562 1627 1572
2334 1375 1441
4589 1513 1490
4100 1571 1855
6010 1630 1584
1131 1613 1506
3098 1272 1472
1334 1274 1473
3895 1304 1451
5064 1406 1922
5900 1388 1435
5054 1611 1494
3829 1024 1797
1895 1641 1587
5389 1626 1554
5875 1625 1795
2843 1642 1578
2127 1063 1494
5816 1234 1515
3941 1525 1869
2778 1659 1728
3734 1596 1832
5275 1477 1908
4540 1705 1660
5374 1614 1807
4301 1687 1630
2093 1418 1450
3640 1595 1520
168 1379 1897
3182 1036 1483
5756 1285 1471
4613 903 1584
4199 1650 1596
2124 1584 1486
2028 1310 1437
423 1696 1641
6088 1305 1456
3086 1358 1430
838 1266 1467
749 1614 1531
6216 1585 1478
1668 1708 1658
4723 1433 1458
4139 1387 1437
2253 1188 1536
1987 1675 1714
2639 1617 1543
200 1319 1441
2592 1672 1609
6063 1664 1616
6246 1628 1786
3910 1622 1548
49 1634 1569
4808 1637 1596
1057 1663 1727
5467 1502 1475
2029 1241 1503
1279 1698 1637
4347 1233 1512
5844 1607 1535
3186 1468 1469
2530 1519 1475
1052 1314 1438
1148 1700 1680
2992 1535 1474
1983 1453 1464
3693 917 1605
6081 1471 1475
680 916 1560
5909 1379 1437
2523 1574 1845
2368 1639 1747
1580 1640 1583
2564 1102 1509
3356 990 1515
1896 1603 1522
5495 1563 1480
3503 1444 1470
3665 1598 1522
1555 1673 1713
708 1615 1538
1065 1486 1793
5312 1459 1472
3680 1677 1608
4811 1645 1583
5282 1625 1568
1282 1700 1685
5773 1624 1582
2376 1619 1562
2349 1660 1728
2960 1305 1437
5408 1494 1477
6024 1637 1583
1679 1314 1789
2414 1624 1799
5849 1644 1580
4202 1322 1442
4519 937 1649
4275 945 1691
5415 1310 1461
3512 1677 1709
5698 1533 1867
2737 969 1537
2009 871 1580
653 1613 1522
320 1568 1852
5492 1616 1808
5621 1489 1897
5452 1610 1531
3781 931 1542
2893 1242 1497
2729 1342 1438
3518 1472 1476
5249 1640 1580
4927 1495 1484
1608 1624 1573
3681 1411 1437
5730 950 1536
3404 1627 1788
127 1327 1441
5443 1304 1452
5927 1698 1632
3670 1593 1513
1649 1055 1492
1056 913 1581
660 1706 1684
4053 1500 1480
3764 901 1584
2812 1431 1461
6198 1317 1435
5688 1361 1426
1382 1308 1456
5074 1644 1581
907 908 1597
3838 1581 1487
2502 1156 1510
3210 1613 1513
4151 1618 1546
4700 1593 1508
5103 1631 1576
4282 1596 1516
1487 1679 1618
4104 1399 1902
4755 1567 1481
940 1558 1479
1434 1163 1515
2983 1316 1447
1032 1120 1517
5703 1398 1903
3929 1366 1441
1860 1624 1590
2041 1379 1434
5502 1646 1605
3130 1242 1502
4908 1709 1681
1795 1467 1474
2337 1623 1796
3553 1382 1444
3357 1272 1468
6182 1634 1582
4129 1697 1654
3142 1353 1436
407 1582 1477
5511 1339 1438
3449 1476 1475
1490 950 1540
2594 1631 1569
6204 1638 1595
4429 947 1684
2328 1460 1916
6112 1316 1453
2780 1365 1430
2436 1439 1461
3474 1220 1522
5570 1551 1869
110 1694 1694
4652 1479 1479
3327 1316 1437
2077 1362 1421
5573 939 1675
139 1688 1617
3832 1689 1619
5655 958 1725
5199 1631 1584
4340 1565 1869
2026 1366 1416
379 1303 1465
6041 1479 1478
3384 1479 1912
5783 1705 1653
2557 1570 1484
3432 1485 1900
3886 1335 1437
2655 1579 1852
1605 1701 1668
1283 1303 1459
4038 1108 1514
3110 1090 1497
2775 1366 1418
176 1613 1515
4483 1319 1457
6052 1586 1479
2720 1655 1733
4155 1483 1914
533 1645 1594
2295 1299 1455
4229 1672 1619
2406 1665 1611
4934 1605 1533
4694 1369 1875
6225 976 1534
346 1693 1624
2234 1233 1510
2128 1283 1458
3932 1576 1843
588 1644 1761
1817 1378 1877
4968 1275 1458
4979 1559 1868
5605 1193 1533
3769 1232 1506
3724 1162 1517
3057 1690 1622
2293 1616 1547
5960 1704 1688
5998 1558 1857
5631 1547 1873
62 1249 1496
6250 1698 1633
5549 1655 1605
740 1644 1605
4071 1336 1433
3301 1606 1531
4830 1638 1747
2911 1616 1540
5305 954 1542
3306 1689 1627
1615 1517 1871
5256 1592 1491
562 1680 1626
4576 1711 1675
489 1595 1516
324 1435 1464
2192 1614 1810
2385 1341 1434
33 1177 1520
5578 1376 1428
5994 1709 1659
5612 1234 1504
2065 1589 1483
2988 1630 1779
5572 1465 1911
2120 1372 1444
345 1603 1531
4397 920 1579
2712 1298 1440
1106 1296 1462
4069 914 1595
3289 1625 1575
702 1354 1428
3074 1326 1435
4309 1522 1479
1943 1675 1710
4214 1574 1482
2748 1570 1481
4835 1368 1427
4709 1334 1442
1047 1620 1595
876 1374 1423
3360 1609 1530
5607 1686 1626
5359 1693 1701
5160 1317 1440
4172 983 1521
3164 1585 1493
4883 1313 1436
2671 1657 1606
3419 1650 1739
5674 1572 1480
1196 1562 1481
3052 1612 1531
1239 1591 1497
596 1014 1500
2596 1648 1587
2367 1364 1420
2183 1374 1864
1798 1502 1796
211 1706 1676
6030 1304 1453
4882 1646 1585
4513 1610 1539
2351 1617 1806
5007 1581 1484
738 1597 1832
3509 957 1556
5896 1059 1490
2220 1526 1473
157 1385 1430
282 1372 1889
2497 1639 1768
2910 1381 1432
4597 1702 1650
3189 1617 1550
4022 1239 1509
1352 1644 1747
4357 1685 1704
2394 1591 1503
3156 1597 1509
2558 1307 1464
126 1688 1707
6004 1377 1442
5214 1697 1699
6008 1393 1904
1287 1602 1823
2104 1631 1575
495 919 1576
3937 1091 1505
5178 1602 1519
5670 1591 1479
1953 1523 1884
2435 1634 1581
1594 1670 1613
23 1398 1904
5930 1298 1442
2230 1533 1474
1198 1168 1515
5603 1626 1559
2914 1411 1439
5635 1424 1463
2576 1499 1892
2781 1308 1442
3559 1651 1609
2969 1597 1523
4389 1674 1619
3046 1521 1873
4841 1427 1918
4265 1383 1428
1637 1199 1534
371 1302 1462
530 881 1583
3302 985 1529
1366 1704 1669
5260 1554 1478
6057 1611 1521
5848 1704 1674
6138 1626 1574
4687 1707 1676
1744 1537 1867
2508 1637 1747
2957 1329 1434
2176 1612 1519
1875 1531 1873
2884 1584 1840
288 1489 1778
3523 1624 1567
4625 1294 1468
5850 1620 1552
1920 1620 1562
5701 1613 1550
5918 1325 1446
1944 1624 1572
55 1460 1471
5946 1014 1493
4939 1586 1483
1307 1520 1472
4756 1595 1512
2205 1556 1859
2873 1431 1465
3485 1592 1482
4996 1070 1490
2016 1567 1856
2431 1625 1554
2666 1589 1839
6006 1304 1462
4814 1617 1546
3082 1614 1528
614 1343 1805
1397 1634 1568
2993 1544 1876
4523 1321 1440
5925 947 1565
3909 1187 1527
4715 1691 1623
1946 1502 1484
13 1371 1423
4529 1552 1482
4954 937 1660
2283 1708 1659
2686 1595 1499
629 1696 1648
1993 1642 1584
759 1674 1621
5524 1564 1864
4627 1626 1577
5565 1508 1489
4245 1076 1499
1769 1648 1585
3428 992 1515
5512 1654 1612
5238 1320 1458
4116 1545 1465
3635 1384 1415
4001 1709 1633
4246 1354 1421
2442 980 1512
4004 984 1516
570 1640 1763
3297 1650 1584
1064 1644 1565
1701 1625 1808
310 1558 1465
1808 1431 1928
3639 1482 1929
3785 1330 1409
2054 1666 1731
2953 1325 1422
2764 1379 1407
2861 930 1689
5657 1659 1592
3266 1720 1677
3407 1526 1469
6090 1223 1509
864 1389 1932
3243 1696 1712
5153 1484 1466
2989 1590 1847
884 1591 1468
309 1538 1468
5653 1057 1486
4278 1707 1634
1108 1604 1488
3155 1680 1607
776 1623 1809
2590 1425 1450
129 1395 1432
1796 1695 1614
3783 873 1559
2831 1609 1516
1271 1449 1455
6046 1660 1577
3158 1671 1578
3947 889 1569
219 1290 1443
4539 1618 1531
2822 1624 1530
2331 1582 1857
4583 1671 1597
3945 1616 1530
4119 1238 1496
92 1668 1600
5958 1661 1570
150 1405 1438
3799 1479 1469
1337 1708 1690
5077 1282 1444
2416 976 1514
205 1725 1677
6158 1398 1431
5885 871 1562
1460 1703 1620
519 1141 1509
338 1472 1467
944 1226 1510
4682 1704 1695
356 1628 1543
5421 1586 1473
2540 1093 1494
4011 1586 1464
1632 876 1563
3971 1613 1816
2158 1711 1639
2499 1692 1604
6036 1685 1605
641 1341 1422
2134 930 1557
4790 1630 1557
40 1342 1421
1474 1674 1587
3288 1709 1692
2514 1645 1572
1691 1623 1498
4601 1598 1467
930 1322 1418
6015 1668 1572
397 1692 1613
4650 1596 1845
2574 1113 1510
4090 1601 1835
1324 1634 1793
4453 1221 1503
3015 1725 1676
1316 1400 1433
1107 1375 1412
4181 1159 1505
875 1704 1696
1991 1532 1470
5484 1652 1578
4502 1664 1586
694 1669 1575
697 871 1560
4059 1556 1470
5092 1544 1461
2267 1621 1520
5399 1601 1471
1482 1317 1422
2463 1633 1549
4132 1601 1486
1713 1407 1932
2274 1465 1460
2101 1469 1462
1942 1348 1416
3868 1420 1427
5403 1687 1714
4684 1622 1813
3520 1522 1886
2956 1335 1420
3684 1551 1458
5184 1669 1571
2271 1553 1468
2240 1186 1517
5350 1701 1613
2006 935 1534
4932 1708 1647
2110 1343 1412
3064 1715 1658
4106 892 1581
1854 1710 1693
2444 1229 1503
3119 1387 1424
5337 1685 1606
1867 1465 1459
1498 1702 1616
1373 1600 1481
5718 1688 1601
4276 884 1577
577 1639 1565
936 1684 1610
5218 1463 1927
5233 1271 1442
579 1665 1737
3337 1711 1630
2603 1053 1482
1980 1702 1631
4352 1333 1809
1698 860 1591
4666 1647 1568
3129 1700 1615
859 1469 1467
5510 1640 1566
898 886 1571
3999 1646 1581
506 1693 1606
1189 1305 1803
178 1624 1545
3034 1451 1458
6143 1544 1471
1950 1656 1747
4366 1265 1463
1520 1646 1573
1493 1593 1462
5121 1484 1926
3084 1710 1635
5009 1289 1438
514 1576 1468
6108 1398 1436
1791 1693 1613
5857 1715 1672
2823 1583 1469
4460 1677 1722
1343 1120 1513
3257 1442 1928
6096 1257 1464
3845 1245 1483
1080 1626 1803
1513 1640 1781
16 1678 1591
3179 1673 1729
2899 1714 1666
57 1704 1697
5126 1223 1503
3732 1640 1779
5290 946 1533
36 1606 1508
5416 896 1579
1573 1722 1660
5151 1492 1912
3215 1661 1566
2916 1292 1803
2417 944 1537
2119 1622 1808
3596 1382 1411
5163 894 1601
630 1212 1513
3633 1478 1469
1479 1702 1630
1051 1541 1466
3296 1686 1600
1230 1370 1898
5053 1350 1413
3578 1404 1918
6137 1583 1864
1864 1206 1525
6136 1666 1590
1503 1447 1455
1313 1665 1571
4349 1379 1423
4505 1555 1465
4382 1683 1610
2623 1695 1704
424 1620 1498
2876 1596 1839
2051 1690 1614
5505 1487 1914
1336 1723 1676
3090 1694 1617
3042 1696 1607
5003 1446 1456
5383 1471 1933
5694 1623 1547
1304 1578 1461
2736 1596 1475
3168 1664 1598
6064 1639 1775
3487 1643 1571
2106 1654 1578
2372 1564 1876
1380 1670 1589
1216 1625 1541
2215 1601 1475
1648 1370 1404
111 1578 1468
1547 1655 1574
3605 1363 1396
2281 933 1710
5687 1500 1471
1005 1717 1647
1009 1712 1695
1110 1173 1508
5482 1347 1430
4250 1600 1510
5940 1719 1671
1532 1557 1466
5957 1715 1670
3786 1339 1418
1328 1607 1504
3603 1655 1592
5518 1412 1432
1970 1553 1465
3024 1670 1723
5426 1298 1427
3095 1685 1597
2874 1567 1875
2900 1107 1509
4999 897 1563
20 1113 1513
2746 1708 1645
863 1257 1466
1088 1431 1450
3263 1653 1583
1574 1526 1887
5861 1582 1466
5398 1058 1482
3748 1364 1410
6240 1471 1931
5799 932 1555
5898 1382 1415
2107 1618 1524
75 1708 1626
5197 1621 1519
1914 900 1552
1592 1367 1401
5882 991 1511
671 1615 1516
1931 1361 1408
2159 887 1556
3175 1712 1633
5628 1618 1817
3533 1368 1408
3581 1430 1451
5576 1592 1470
333 1418 1432
6254 1309 1430
3012 1284 1438
3538 1663 1729
4238 1623 1542
1102 1478 1471
1227 1671 1594
4130 1479 1472
3290 1694 1619
4469 1719 1663
5556 1655 1742
5563 1622 1523
551 1617 1501
3115 1562 1468
3863 1659 1574
815 1714 1663
6042 1587 1853
2167 1488 1471
6076 1709 1626
1240 875 1555
3537 1162 1502
5987 1700 1709
93 919 1631
3410 1670 1575
6184 1719 1679
2401 1674 1583
1485 1679 1722
1113 1710 1629
2329 1363 1401
4867 1516 1468
2090 1676 1585
3318 1378 1914
383 1670 1581
6195 1578 1457
2374 1668 1597
5453 1665 1601
255 1490 1472
3469 1705 1624
1440 1278 1447
58 1378 1423
1228 1380 1423
5914 1698 1620
5259 1329 1415
5602 1624 1543
4252 1710 1637
3403 1255 1473
2928 1683 1596
1828 895 1583
5168 1510 1468
4401 1599 1836
451 1706 1699
3213 1381 1423
4087 1676 1720
1175 1402 1441
5672 1716 1650
1133 1377 1417
5049 1646 1567
2350 1681 1591
4364 1377 1421
2482 1717 1655
4812 1241 1491
3507 1700 1700
6043 860 1595
2201 1569 1466
5300 1673 1597
334 1280 1434
3853 1708 1632
6133 1683 1720
4464 1623 1544
1244 1709 1647
1777 1717 1684
2713 1565 1456
4703 1716 1647
5536 1693 1605
5039 1619 1518
2771 1428 1447
3890 1024 1484
2862 1098 1491
3974 1647 1573
2673 1318 1417
3267 1669 1732
866 1622 1505
5689 1657 1746
3506 1023 1481
2546 1627 1554
5686 1699 1625
4507 919 1628
76 901 1602
467 1601 1480
6223 1481 1927
